<?xml version="1.0" encoding="utf-8"?>
<CoverageSession>
  <Summary numSequencePoints="2681" visitedSequencePoints="1557" numBranchPoints="510" visitedBranchPoints="279" sequenceCoverage="58.07" branchCoverage="54.7" maxCyclomaticComplexity="660" minCyclomaticComplexity="39" visitedClasses="113" numClasses="194" visitedMethods="220" numMethods="389" />
  <Modules>
    <Module hash="D2B8CE64-4FCE-4D7A-9103-246F52EC16A8">
      <ModulePath>BusinessLogic.dll</ModulePath>
      <ModuleTime>2026-01-03T07:01:22</ModuleTime>
      <ModuleName>BusinessLogic</ModuleName>
      <Files>
        <File uid="1" fullPath="C:\Users\carlo\source\repos\LotteryServer\BusinessLogic\GlobalErrorHandler.cs" />
        <File uid="2" fullPath="C:\Users\carlo\source\repos\LotteryServer\BusinessLogic\ListExtensions.cs" />
        <File uid="3" fullPath="C:\Users\carlo\source\repos\LotteryServer\BusinessLogic\LotteryService.cs" />
        <File uid="4" fullPath="C:\Users\carlo\source\repos\LotteryServer\BusinessLogic\Validation\LoginValidator.cs" />
        <File uid="5" fullPath="C:\Users\carlo\source\repos\LotteryServer\BusinessLogic\Validation\RegistrationValidator.cs" />
        <File uid="6" fullPath="C:\Users\carlo\source\repos\LotteryServer\BusinessLogic\Utilities\ErrorStrategy.cs" />
        <File uid="7" fullPath="C:\Users\carlo\source\repos\LotteryServer\BusinessLogic\Utilities\ExceptionMapper.cs" />
        <File uid="8" fullPath="C:\Users\carlo\source\repos\LotteryServer\BusinessLogic\Services\EmailService.cs" />
        <File uid="9" fullPath="C:\Users\carlo\source\repos\LotteryServer\BusinessLogic\Models\Card.cs" />
        <File uid="10" fullPath="C:\Users\carlo\source\repos\LotteryServer\BusinessLogic\Models\Deck.cs" />
        <File uid="11" fullPath="C:\Users\carlo\source\repos\LotteryServer\BusinessLogic\Models\Lobby.cs" />
        <File uid="12" fullPath="C:\Users\carlo\source\repos\LotteryServer\BusinessLogic\Models\PlayerClient.cs" />
        <File uid="13" fullPath="C:\Users\carlo\source\repos\LotteryServer\BusinessLogic\Logic\FriendHandler.cs" />
        <File uid="14" fullPath="C:\Users\carlo\source\repos\LotteryServer\BusinessLogic\Logic\GlobalSessionManager.cs" />
        <File uid="15" fullPath="C:\Users\carlo\source\repos\LotteryServer\BusinessLogic\Logic\LobbyHandler.cs" />
        <File uid="16" fullPath="C:\Users\carlo\source\repos\LotteryServer\BusinessLogic\Logic\LobbyManager.cs" />
        <File uid="17" fullPath="C:\Users\carlo\source\repos\LotteryServer\BusinessLogic\PasswordHasher.cs" />
        <File uid="18" fullPath="C:\Users\carlo\source\repos\LotteryServer\BusinessLogic\Logic\Base\BaseHandler.cs" />
        <File uid="19" fullPath="C:\Users\carlo\source\repos\LotteryServer\BusinessLogic\Logic\AuthenticationHandler.cs" />
        <File uid="20" fullPath="C:\Users\carlo\source\repos\LotteryServer\BusinessLogic\Logic\ChatHandler.cs" />
        <File uid="21" fullPath="C:\Users\carlo\source\repos\LotteryServer\BusinessLogic\Logic\GameHandler.cs" />
        <File uid="22" fullPath="C:\Users\carlo\source\repos\LotteryServer\BusinessLogic\Logic\GuestHandler.cs" />
        <File uid="23" fullPath="C:\Users\carlo\source\repos\LotteryServer\BusinessLogic\Logic\SocialMediaHandler.cs" />
        <File uid="24" fullPath="C:\Users\carlo\source\repos\LotteryServer\BusinessLogic\Logic\UserHandler.cs" />
        <File uid="25" fullPath="C:\Users\carlo\source\repos\LotteryServer\BusinessLogic\Logic\VerificationHandler.cs" />
        <File uid="26" fullPath="C:\Users\carlo\source\repos\LotteryServer\BusinessLogic\Logging\LoggerService.cs" />
        <File uid="27" fullPath="C:\Users\carlo\source\repos\LotteryServer\BusinessLogic\Exceptions\AuthException.cs" />
        <File uid="28" fullPath="C:\Users\carlo\source\repos\LotteryServer\BusinessLogic\Exceptions\BannedLobbyPlayerException.cs" />
        <File uid="29" fullPath="C:\Users\carlo\source\repos\LotteryServer\BusinessLogic\Exceptions\ChatException.cs" />
        <File uid="30" fullPath="C:\Users\carlo\source\repos\LotteryServer\BusinessLogic\Exceptions\ForbiddenWordException.cs" />
        <File uid="31" fullPath="C:\Users\carlo\source\repos\LotteryServer\BusinessLogic\Exceptions\FriendshipException.cs" />
        <File uid="32" fullPath="C:\Users\carlo\source\repos\LotteryServer\BusinessLogic\Exceptions\GameException.cs" />
        <File uid="33" fullPath="C:\Users\carlo\source\repos\LotteryServer\BusinessLogic\Exceptions\GuestException.cs" />
        <File uid="34" fullPath="C:\Users\carlo\source\repos\LotteryServer\BusinessLogic\Exceptions\LobbyException.cs" />
        <File uid="35" fullPath="C:\Users\carlo\source\repos\LotteryServer\BusinessLogic\Exceptions\SessionException.cs" />
        <File uid="36" fullPath="C:\Users\carlo\source\repos\LotteryServer\BusinessLogic\Exceptions\UserManagementException.cs" />
      </Files>
      <Classes>
        <Class>
          <Summary numSequencePoints="15" visitedSequencePoints="0" numBranchPoints="4" visitedBranchPoints="0" sequenceCoverage="0" branchCoverage="0" maxCyclomaticComplexity="4" minCyclomaticComplexity="1" visitedClasses="0" numClasses="1" visitedMethods="0" numMethods="3" />
          <FullName>BusinessLogic.GlobalErrorBehavior</FullName>
          <Methods>
            <Method cyclomaticComplexity="4" nPathComplexity="4" sequenceCoverage="0" branchCoverage="0" isConstructor="False" isGetter="False" isSetter="False" isStatic="True">
              <Summary numSequencePoints="11" visitedSequencePoints="0" numBranchPoints="4" visitedBranchPoints="0" sequenceCoverage="0" branchCoverage="0" maxCyclomaticComplexity="4" minCyclomaticComplexity="4" visitedClasses="0" numClasses="0" visitedMethods="0" numMethods="1" />
              <MetadataToken />
              <Name>System.Void BusinessLogic.GlobalErrorBehavior::ApplyDispatchBehavior(System.ServiceModel.Description.ServiceDescription,System.ServiceModel.ServiceHostBase)</Name>
              <FileRef uid="1" />
              <SequencePoints>
                <SequencePoint vc="0" uspid="58" ordinal="0" sl="58" sc="1" el="58" ec="2" bec="0" bev="0" fileid="1" />
                <SequencePoint vc="0" uspid="59" ordinal="1" sl="59" sc="1" el="59" ec="2" bec="0" bev="0" fileid="1" />
                <SequencePoint vc="0" uspid="61" ordinal="2" sl="61" sc="1" el="61" ec="2" bec="2" bev="0" fileid="1" />
                <SequencePoint vc="0" uspid="62" ordinal="3" sl="62" sc="1" el="62" ec="2" bec="0" bev="0" fileid="1" />
                <SequencePoint vc="0" uspid="63" ordinal="4" sl="63" sc="1" el="63" ec="2" bec="0" bev="0" fileid="1" />
                <SequencePoint vc="0" uspid="65" ordinal="5" sl="65" sc="1" el="65" ec="2" bec="2" bev="0" fileid="1" />
                <SequencePoint vc="0" uspid="66" ordinal="6" sl="66" sc="1" el="66" ec="2" bec="0" bev="0" fileid="1" />
                <SequencePoint vc="0" uspid="67" ordinal="7" sl="67" sc="1" el="67" ec="2" bec="0" bev="0" fileid="1" />
                <SequencePoint vc="0" uspid="68" ordinal="8" sl="68" sc="1" el="68" ec="2" bec="0" bev="0" fileid="1" />
                <SequencePoint vc="0" uspid="69" ordinal="9" sl="69" sc="1" el="69" ec="2" bec="0" bev="0" fileid="1" />
                <SequencePoint vc="0" uspid="70" ordinal="10" sl="70" sc="1" el="70" ec="2" bec="0" bev="0" fileid="1" />
              </SequencePoints>
              <BranchPoints>
                <BranchPoint vc="0" uspid="61" ordinal="3" path="1" offset="69" offsetend="22" sl="61" fileid="1" />
                <BranchPoint vc="0" uspid="65" ordinal="0" path="0" offset="45" offsetend="47" sl="65" fileid="1" />
                <BranchPoint vc="0" uspid="65" ordinal="1" path="1" offset="45" offsetend="62" sl="65" fileid="1" />
                <BranchPoint vc="0" uspid="61" ordinal="2" path="0" offset="69" offsetend="71" sl="61" fileid="1" />
              </BranchPoints>
              <MethodPoint vc="0" uspid="0" p8:type="SequencePoint" ordinal="0" offset="0" sc="0" sl="58" ec="1" el="70" bec="0" bev="0" fileid="1" xmlns:p8="xsi" />
            </Method>
            <Method cyclomaticComplexity="1" nPathComplexity="1" sequenceCoverage="0" branchCoverage="100" isConstructor="False" isGetter="False" isSetter="False" isStatic="True">
              <Summary numSequencePoints="2" visitedSequencePoints="0" numBranchPoints="0" visitedBranchPoints="0" sequenceCoverage="0" branchCoverage="100" maxCyclomaticComplexity="1" minCyclomaticComplexity="1" visitedClasses="0" numClasses="0" visitedMethods="0" numMethods="1" />
              <MetadataToken />
              <Name>System.Void BusinessLogic.GlobalErrorBehavior::AddBindingParameters(System.ServiceModel.Description.ServiceDescription,System.ServiceModel.ServiceHostBase,System.Collections.ObjectModel.Collection`1&lt;System.ServiceModel.Description.ServiceEndpoint&gt;,System.ServiceModel.Channels.BindingParameterCollection)</Name>
              <FileRef uid="1" />
              <SequencePoints>
                <SequencePoint vc="0" uspid="73" ordinal="0" sl="73" sc="1" el="73" ec="2" bec="0" bev="0" fileid="1" />
                <SequencePoint vc="0" uspid="74" ordinal="1" sl="74" sc="1" el="74" ec="2" bec="0" bev="0" fileid="1" />
              </SequencePoints>
              <BranchPoints />
              <MethodPoint vc="0" uspid="0" p8:type="SequencePoint" ordinal="1" offset="1" sc="0" sl="73" ec="1" el="74" bec="0" bev="0" fileid="1" xmlns:p8="xsi" />
            </Method>
            <Method cyclomaticComplexity="1" nPathComplexity="1" sequenceCoverage="0" branchCoverage="100" isConstructor="False" isGetter="False" isSetter="False" isStatic="True">
              <Summary numSequencePoints="2" visitedSequencePoints="0" numBranchPoints="0" visitedBranchPoints="0" sequenceCoverage="0" branchCoverage="100" maxCyclomaticComplexity="1" minCyclomaticComplexity="1" visitedClasses="0" numClasses="0" visitedMethods="0" numMethods="1" />
              <MetadataToken />
              <Name>System.Void BusinessLogic.GlobalErrorBehavior::Validate(System.ServiceModel.Description.ServiceDescription,System.ServiceModel.ServiceHostBase)</Name>
              <FileRef uid="1" />
              <SequencePoints>
                <SequencePoint vc="0" uspid="77" ordinal="0" sl="77" sc="1" el="77" ec="2" bec="0" bev="0" fileid="1" />
                <SequencePoint vc="0" uspid="78" ordinal="1" sl="78" sc="1" el="78" ec="2" bec="0" bev="0" fileid="1" />
              </SequencePoints>
              <BranchPoints />
              <MethodPoint vc="0" uspid="0" p8:type="SequencePoint" ordinal="2" offset="2" sc="0" sl="77" ec="1" el="78" bec="0" bev="0" fileid="1" xmlns:p8="xsi" />
            </Method>
          </Methods>
        </Class>
        <Class>
          <Summary numSequencePoints="4" visitedSequencePoints="0" numBranchPoints="0" visitedBranchPoints="0" sequenceCoverage="0" branchCoverage="100" maxCyclomaticComplexity="1" minCyclomaticComplexity="1" visitedClasses="0" numClasses="1" visitedMethods="0" numMethods="2" />
          <FullName>BusinessLogic.GlobalErrorBehaviorExtension</FullName>
          <Methods>
            <Method cyclomaticComplexity="1" nPathComplexity="1" sequenceCoverage="0" branchCoverage="100" isConstructor="False" isGetter="True" isSetter="False" isStatic="True">
              <Summary numSequencePoints="1" visitedSequencePoints="0" numBranchPoints="0" visitedBranchPoints="0" sequenceCoverage="0" branchCoverage="100" maxCyclomaticComplexity="1" minCyclomaticComplexity="1" visitedClasses="0" numClasses="0" visitedMethods="0" numMethods="1" />
              <MetadataToken />
              <Name>System.Type BusinessLogic.GlobalErrorBehaviorExtension::get_BehaviorType()</Name>
              <FileRef uid="1" />
              <SequencePoints>
                <SequencePoint vc="0" uspid="83" ordinal="0" sl="83" sc="1" el="83" ec="2" bec="0" bev="0" fileid="1" />
              </SequencePoints>
              <BranchPoints />
              <MethodPoint vc="0" uspid="0" p8:type="SequencePoint" ordinal="0" offset="0" sc="0" sl="83" ec="1" el="83" bec="0" bev="0" fileid="1" xmlns:p8="xsi" />
            </Method>
            <Method cyclomaticComplexity="1" nPathComplexity="1" sequenceCoverage="0" branchCoverage="100" isConstructor="False" isGetter="False" isSetter="False" isStatic="True">
              <Summary numSequencePoints="3" visitedSequencePoints="0" numBranchPoints="0" visitedBranchPoints="0" sequenceCoverage="0" branchCoverage="100" maxCyclomaticComplexity="1" minCyclomaticComplexity="1" visitedClasses="0" numClasses="0" visitedMethods="0" numMethods="1" />
              <MetadataToken />
              <Name>System.Object BusinessLogic.GlobalErrorBehaviorExtension::CreateBehavior()</Name>
              <FileRef uid="1" />
              <SequencePoints>
                <SequencePoint vc="0" uspid="86" ordinal="0" sl="86" sc="1" el="86" ec="2" bec="0" bev="0" fileid="1" />
                <SequencePoint vc="0" uspid="87" ordinal="1" sl="87" sc="1" el="87" ec="2" bec="0" bev="0" fileid="1" />
                <SequencePoint vc="0" uspid="88" ordinal="2" sl="88" sc="1" el="88" ec="2" bec="0" bev="0" fileid="1" />
              </SequencePoints>
              <BranchPoints />
              <MethodPoint vc="0" uspid="0" p8:type="SequencePoint" ordinal="1" offset="1" sc="0" sl="86" ec="1" el="88" bec="0" bev="0" fileid="1" xmlns:p8="xsi" />
            </Method>
          </Methods>
        </Class>
        <Class>
          <Summary numSequencePoints="12" visitedSequencePoints="12" numBranchPoints="2" visitedBranchPoints="2" sequenceCoverage="100" branchCoverage="100" maxCyclomaticComplexity="2" minCyclomaticComplexity="1" visitedClasses="1" numClasses="1" visitedMethods="2" numMethods="2" />
          <FullName>BusinessLogic.ListExtensions</FullName>
          <Methods>
            <Method cyclomaticComplexity="2" nPathComplexity="2" sequenceCoverage="100" branchCoverage="100" isConstructor="False" isGetter="False" isSetter="False" isStatic="True">
              <Summary numSequencePoints="11" visitedSequencePoints="11" numBranchPoints="2" visitedBranchPoints="2" sequenceCoverage="100" branchCoverage="100" maxCyclomaticComplexity="2" minCyclomaticComplexity="2" visitedClasses="0" numClasses="0" visitedMethods="1" numMethods="1" />
              <MetadataToken />
              <Name>System.Void BusinessLogic.ListExtensions::Shuffle(System.Collections.Generic.IList`1&lt;T&gt;)</Name>
              <FileRef uid="2" />
              <SequencePoints>
                <SequencePoint vc="6" uspid="11" ordinal="0" sl="11" sc="1" el="11" ec="2" bec="0" bev="0" fileid="2" />
                <SequencePoint vc="6" uspid="12" ordinal="1" sl="12" sc="1" el="12" ec="2" bec="0" bev="0" fileid="2" />
                <SequencePoint vc="169" uspid="13" ordinal="2" sl="13" sc="1" el="13" ec="2" bec="2" bev="2" fileid="2" />
                <SequencePoint vc="163" uspid="14" ordinal="3" sl="14" sc="1" el="14" ec="2" bec="0" bev="0" fileid="2" />
                <SequencePoint vc="163" uspid="15" ordinal="4" sl="15" sc="1" el="15" ec="2" bec="0" bev="0" fileid="2" />
                <SequencePoint vc="163" uspid="16" ordinal="5" sl="16" sc="1" el="16" ec="2" bec="0" bev="0" fileid="2" />
                <SequencePoint vc="163" uspid="17" ordinal="6" sl="17" sc="1" el="17" ec="2" bec="0" bev="0" fileid="2" />
                <SequencePoint vc="163" uspid="18" ordinal="7" sl="18" sc="1" el="18" ec="2" bec="0" bev="0" fileid="2" />
                <SequencePoint vc="163" uspid="19" ordinal="8" sl="19" sc="1" el="19" ec="2" bec="0" bev="0" fileid="2" />
                <SequencePoint vc="163" uspid="20" ordinal="9" sl="20" sc="1" el="20" ec="2" bec="0" bev="0" fileid="2" />
                <SequencePoint vc="6" uspid="21" ordinal="10" sl="21" sc="1" el="21" ec="2" bec="0" bev="0" fileid="2" />
              </SequencePoints>
              <BranchPoints>
                <BranchPoint vc="163" uspid="13" ordinal="1" path="1" offset="68" offsetend="10" sl="13" fileid="2" />
                <BranchPoint vc="6" uspid="13" ordinal="0" path="0" offset="68" offsetend="70" sl="13" fileid="2" />
              </BranchPoints>
              <MethodPoint vc="11" uspid="0" p8:type="SequencePoint" ordinal="0" offset="0" sc="0" sl="11" ec="1" el="21" bec="0" bev="0" fileid="2" xmlns:p8="xsi" />
            </Method>
            <Method cyclomaticComplexity="1" nPathComplexity="1" sequenceCoverage="100" branchCoverage="100" isConstructor="True" isGetter="False" isSetter="False" isStatic="True">
              <Summary numSequencePoints="1" visitedSequencePoints="1" numBranchPoints="0" visitedBranchPoints="0" sequenceCoverage="100" branchCoverage="100" maxCyclomaticComplexity="1" minCyclomaticComplexity="1" visitedClasses="0" numClasses="0" visitedMethods="1" numMethods="1" />
              <MetadataToken />
              <Name>System.Void BusinessLogic.ListExtensions::.cctor()</Name>
              <FileRef uid="2" />
              <SequencePoints>
                <SequencePoint vc="1" uspid="8" ordinal="0" sl="8" sc="1" el="8" ec="2" bec="0" bev="0" fileid="2" />
              </SequencePoints>
              <BranchPoints />
              <MethodPoint vc="1" uspid="0" p8:type="SequencePoint" ordinal="1" offset="1" sc="0" sl="8" ec="1" el="8" bec="0" bev="0" fileid="2" xmlns:p8="xsi" />
            </Method>
          </Methods>
        </Class>
        <Class>
          <Summary numSequencePoints="238" visitedSequencePoints="0" numBranchPoints="64" visitedBranchPoints="0" sequenceCoverage="0" branchCoverage="0" maxCyclomaticComplexity="4" minCyclomaticComplexity="1" visitedClasses="0" numClasses="1" visitedMethods="0" numMethods="30" />
          <FullName>BusinessLogic.LotteryService</FullName>
          <Methods>
            <Method cyclomaticComplexity="2" nPathComplexity="2" sequenceCoverage="0" branchCoverage="0" isConstructor="False" isGetter="False" isSetter="False" isStatic="True">
              <Summary numSequencePoints="8" visitedSequencePoints="0" numBranchPoints="2" visitedBranchPoints="0" sequenceCoverage="0" branchCoverage="0" maxCyclomaticComplexity="2" minCyclomaticComplexity="2" visitedClasses="0" numClasses="0" visitedMethods="0" numMethods="1" />
              <MetadataToken />
              <Name>System.Void BusinessLogic.LotteryService::OnChannelFaulted(System.Object,System.EventArgs)</Name>
              <FileRef uid="3" />
              <SequencePoints>
                <SequencePoint vc="0" uspid="161" ordinal="0" sl="161" sc="1" el="161" ec="2" bec="0" bev="0" fileid="3" />
                <SequencePoint vc="0" uspid="162" ordinal="1" sl="162" sc="1" el="162" ec="2" bec="2" bev="0" fileid="3" />
                <SequencePoint vc="0" uspid="163" ordinal="2" sl="163" sc="1" el="163" ec="2" bec="0" bev="0" fileid="3" />
                <SequencePoint vc="0" uspid="164" ordinal="3" sl="164" sc="1" el="164" ec="2" bec="0" bev="0" fileid="3" />
                <SequencePoint vc="0" uspid="165" ordinal="4" sl="165" sc="1" el="165" ec="2" bec="0" bev="0" fileid="3" />
                <SequencePoint vc="0" uspid="166" ordinal="5" sl="166" sc="1" el="166" ec="2" bec="0" bev="0" fileid="3" />
                <SequencePoint vc="0" uspid="167" ordinal="6" sl="167" sc="1" el="167" ec="2" bec="0" bev="0" fileid="3" />
                <SequencePoint vc="0" uspid="168" ordinal="7" sl="168" sc="1" el="168" ec="2" bec="0" bev="0" fileid="3" />
              </SequencePoints>
              <BranchPoints>
                <BranchPoint vc="0" uspid="162" ordinal="0" path="0" offset="12" offsetend="14" sl="162" fileid="3" />
                <BranchPoint vc="0" uspid="162" ordinal="1" path="1" offset="12" offsetend="63" sl="162" fileid="3" />
              </BranchPoints>
              <MethodPoint vc="0" uspid="0" p8:type="SequencePoint" ordinal="0" offset="0" sc="0" sl="161" ec="1" el="168" bec="0" bev="0" fileid="3" xmlns:p8="xsi" />
            </Method>
            <Method cyclomaticComplexity="1" nPathComplexity="1" sequenceCoverage="0" branchCoverage="100" isConstructor="False" isGetter="False" isSetter="False" isStatic="True">
              <Summary numSequencePoints="3" visitedSequencePoints="0" numBranchPoints="0" visitedBranchPoints="0" sequenceCoverage="0" branchCoverage="100" maxCyclomaticComplexity="1" minCyclomaticComplexity="1" visitedClasses="0" numClasses="0" visitedMethods="0" numMethods="1" />
              <MetadataToken />
              <Name>System.Threading.Tasks.Task`1&lt;System.Int32&gt; BusinessLogic.LotteryService::RegisterGuest()</Name>
              <FileRef uid="3" />
              <SequencePoints>
                <SequencePoint vc="0" uspid="183" ordinal="0" sl="183" sc="1" el="183" ec="2" bec="0" bev="0" fileid="3" />
                <SequencePoint vc="0" uspid="184" ordinal="1" sl="184" sc="1" el="184" ec="2" bec="0" bev="0" fileid="3" />
                <SequencePoint vc="0" uspid="185" ordinal="2" sl="185" sc="1" el="185" ec="2" bec="0" bev="0" fileid="3" />
              </SequencePoints>
              <BranchPoints />
              <MethodPoint vc="0" uspid="0" p8:type="SequencePoint" ordinal="1" offset="1" sc="0" sl="183" ec="1" el="185" bec="0" bev="0" fileid="3" xmlns:p8="xsi" />
            </Method>
            <Method cyclomaticComplexity="1" nPathComplexity="1" sequenceCoverage="0" branchCoverage="100" isConstructor="False" isGetter="False" isSetter="False" isStatic="True">
              <Summary numSequencePoints="3" visitedSequencePoints="0" numBranchPoints="0" visitedBranchPoints="0" sequenceCoverage="0" branchCoverage="100" maxCyclomaticComplexity="1" minCyclomaticComplexity="1" visitedClasses="0" numClasses="0" visitedMethods="0" numMethods="1" />
              <MetadataToken />
              <Name>System.Threading.Tasks.Task BusinessLogic.LotteryService::RecoverPassword(System.String)</Name>
              <FileRef uid="3" />
              <SequencePoints>
                <SequencePoint vc="0" uspid="188" ordinal="0" sl="188" sc="1" el="188" ec="2" bec="0" bev="0" fileid="3" />
                <SequencePoint vc="0" uspid="189" ordinal="1" sl="189" sc="1" el="189" ec="2" bec="0" bev="0" fileid="3" />
                <SequencePoint vc="0" uspid="190" ordinal="2" sl="190" sc="1" el="190" ec="2" bec="0" bev="0" fileid="3" />
              </SequencePoints>
              <BranchPoints />
              <MethodPoint vc="0" uspid="0" p8:type="SequencePoint" ordinal="2" offset="2" sc="0" sl="188" ec="1" el="190" bec="0" bev="0" fileid="3" xmlns:p8="xsi" />
            </Method>
            <Method cyclomaticComplexity="1" nPathComplexity="1" sequenceCoverage="0" branchCoverage="100" isConstructor="False" isGetter="False" isSetter="False" isStatic="True">
              <Summary numSequencePoints="3" visitedSequencePoints="0" numBranchPoints="0" visitedBranchPoints="0" sequenceCoverage="0" branchCoverage="100" maxCyclomaticComplexity="1" minCyclomaticComplexity="1" visitedClasses="0" numClasses="0" visitedMethods="0" numMethods="1" />
              <MetadataToken />
              <Name>System.Threading.Tasks.Task`1&lt;System.Boolean&gt; BusinessLogic.LotteryService::VerifyPassword(System.Int32,System.String)</Name>
              <FileRef uid="3" />
              <SequencePoints>
                <SequencePoint vc="0" uspid="193" ordinal="0" sl="193" sc="1" el="193" ec="2" bec="0" bev="0" fileid="3" />
                <SequencePoint vc="0" uspid="194" ordinal="1" sl="194" sc="1" el="194" ec="2" bec="0" bev="0" fileid="3" />
                <SequencePoint vc="0" uspid="195" ordinal="2" sl="195" sc="1" el="195" ec="2" bec="0" bev="0" fileid="3" />
              </SequencePoints>
              <BranchPoints />
              <MethodPoint vc="0" uspid="0" p8:type="SequencePoint" ordinal="3" offset="3" sc="0" sl="193" ec="1" el="195" bec="0" bev="0" fileid="3" xmlns:p8="xsi" />
            </Method>
            <Method cyclomaticComplexity="4" nPathComplexity="4" sequenceCoverage="0" branchCoverage="0" isConstructor="False" isGetter="False" isSetter="False" isStatic="True">
              <Summary numSequencePoints="9" visitedSequencePoints="0" numBranchPoints="4" visitedBranchPoints="0" sequenceCoverage="0" branchCoverage="0" maxCyclomaticComplexity="4" minCyclomaticComplexity="4" visitedClasses="0" numClasses="0" visitedMethods="0" numMethods="1" />
              <MetadataToken />
              <Name>System.Threading.Tasks.Task`1&lt;System.Boolean&gt; BusinessLogic.LotteryService::ChangePassword(System.Int32,System.String)</Name>
              <FileRef uid="3" />
              <SequencePoints>
                <SequencePoint vc="0" uspid="198" ordinal="0" sl="198" sc="1" el="198" ec="2" bec="0" bev="0" fileid="3" />
                <SequencePoint vc="0" uspid="199" ordinal="1" sl="199" sc="1" el="199" ec="2" bec="4" bev="0" fileid="3" />
                <SequencePoint vc="0" uspid="200" ordinal="2" sl="200" sc="1" el="200" ec="2" bec="0" bev="0" fileid="3" />
                <SequencePoint vc="0" uspid="201" ordinal="3" sl="201" sc="1" el="201" ec="2" bec="0" bev="0" fileid="3" />
                <SequencePoint vc="0" uspid="202" ordinal="4" sl="202" sc="1" el="202" ec="2" bec="0" bev="0" fileid="3" />
                <SequencePoint vc="0" uspid="203" ordinal="5" sl="203" sc="1" el="203" ec="2" bec="0" bev="0" fileid="3" />
                <SequencePoint vc="0" uspid="204" ordinal="6" sl="204" sc="1" el="204" ec="2" bec="0" bev="0" fileid="3" />
                <SequencePoint vc="0" uspid="207" ordinal="7" sl="207" sc="1" el="207" ec="2" bec="0" bev="0" fileid="3" />
                <SequencePoint vc="0" uspid="208" ordinal="8" sl="208" sc="1" el="208" ec="2" bec="0" bev="0" fileid="3" />
              </SequencePoints>
              <BranchPoints>
                <BranchPoint vc="0" uspid="199" ordinal="0" path="0" offset="7" offsetend="9" sl="199" fileid="3" />
                <BranchPoint vc="0" uspid="199" ordinal="1" path="1" offset="7" offsetend="28" sl="199" fileid="3" />
                <BranchPoint vc="0" uspid="199" ordinal="2" path="0" offset="31" offsetend="33" sl="199" fileid="3" />
                <BranchPoint vc="0" uspid="199" ordinal="3" path="1" offset="31" offsetend="67" sl="199" fileid="3" />
              </BranchPoints>
              <MethodPoint vc="0" uspid="0" p8:type="SequencePoint" ordinal="4" offset="4" sc="0" sl="198" ec="1" el="208" bec="0" bev="0" fileid="3" xmlns:p8="xsi" />
            </Method>
            <Method cyclomaticComplexity="4" nPathComplexity="4" sequenceCoverage="0" branchCoverage="0" isConstructor="False" isGetter="False" isSetter="False" isStatic="True">
              <Summary numSequencePoints="9" visitedSequencePoints="0" numBranchPoints="4" visitedBranchPoints="0" sequenceCoverage="0" branchCoverage="0" maxCyclomaticComplexity="4" minCyclomaticComplexity="4" visitedClasses="0" numClasses="0" visitedMethods="0" numMethods="1" />
              <MetadataToken />
              <Name>System.Threading.Tasks.Task`1&lt;System.ValueTuple`2&lt;System.Boolean,System.String&gt;&gt; BusinessLogic.LotteryService::UpdateProfile(System.Int32,Contracts.DTOs.UserDto)</Name>
              <FileRef uid="3" />
              <SequencePoints>
                <SequencePoint vc="0" uspid="211" ordinal="0" sl="211" sc="1" el="211" ec="2" bec="0" bev="0" fileid="3" />
                <SequencePoint vc="0" uspid="212" ordinal="1" sl="212" sc="1" el="212" ec="2" bec="4" bev="0" fileid="3" />
                <SequencePoint vc="0" uspid="213" ordinal="2" sl="213" sc="1" el="213" ec="2" bec="0" bev="0" fileid="3" />
                <SequencePoint vc="0" uspid="214" ordinal="3" sl="214" sc="1" el="214" ec="2" bec="0" bev="0" fileid="3" />
                <SequencePoint vc="0" uspid="215" ordinal="4" sl="215" sc="1" el="215" ec="2" bec="0" bev="0" fileid="3" />
                <SequencePoint vc="0" uspid="216" ordinal="5" sl="216" sc="1" el="216" ec="2" bec="0" bev="0" fileid="3" />
                <SequencePoint vc="0" uspid="217" ordinal="6" sl="217" sc="1" el="217" ec="2" bec="0" bev="0" fileid="3" />
                <SequencePoint vc="0" uspid="220" ordinal="7" sl="220" sc="1" el="220" ec="2" bec="0" bev="0" fileid="3" />
                <SequencePoint vc="0" uspid="221" ordinal="8" sl="221" sc="1" el="221" ec="2" bec="0" bev="0" fileid="3" />
              </SequencePoints>
              <BranchPoints>
                <BranchPoint vc="0" uspid="212" ordinal="0" path="0" offset="7" offsetend="9" sl="212" fileid="3" />
                <BranchPoint vc="0" uspid="212" ordinal="1" path="1" offset="7" offsetend="28" sl="212" fileid="3" />
                <BranchPoint vc="0" uspid="212" ordinal="2" path="0" offset="31" offsetend="33" sl="212" fileid="3" />
                <BranchPoint vc="0" uspid="212" ordinal="3" path="1" offset="31" offsetend="67" sl="212" fileid="3" />
              </BranchPoints>
              <MethodPoint vc="0" uspid="0" p8:type="SequencePoint" ordinal="5" offset="5" sc="0" sl="211" ec="1" el="221" bec="0" bev="0" fileid="3" xmlns:p8="xsi" />
            </Method>
            <Method cyclomaticComplexity="1" nPathComplexity="1" sequenceCoverage="0" branchCoverage="100" isConstructor="False" isGetter="False" isSetter="False" isStatic="True">
              <Summary numSequencePoints="3" visitedSequencePoints="0" numBranchPoints="0" visitedBranchPoints="0" sequenceCoverage="0" branchCoverage="100" maxCyclomaticComplexity="1" minCyclomaticComplexity="1" visitedClasses="0" numClasses="0" visitedMethods="0" numMethods="1" />
              <MetadataToken />
              <Name>System.Threading.Tasks.Task`1&lt;Contracts.DTOs.FriendDto&gt; BusinessLogic.LotteryService::FindUserByNickname(System.String)</Name>
              <FileRef uid="3" />
              <SequencePoints>
                <SequencePoint vc="0" uspid="224" ordinal="0" sl="224" sc="1" el="224" ec="2" bec="0" bev="0" fileid="3" />
                <SequencePoint vc="0" uspid="225" ordinal="1" sl="225" sc="1" el="225" ec="2" bec="0" bev="0" fileid="3" />
                <SequencePoint vc="0" uspid="226" ordinal="2" sl="226" sc="1" el="226" ec="2" bec="0" bev="0" fileid="3" />
              </SequencePoints>
              <BranchPoints />
              <MethodPoint vc="0" uspid="0" p8:type="SequencePoint" ordinal="6" offset="6" sc="0" sl="224" ec="1" el="226" bec="0" bev="0" fileid="3" xmlns:p8="xsi" />
            </Method>
            <Method cyclomaticComplexity="1" nPathComplexity="1" sequenceCoverage="0" branchCoverage="100" isConstructor="False" isGetter="False" isSetter="False" isStatic="True">
              <Summary numSequencePoints="3" visitedSequencePoints="0" numBranchPoints="0" visitedBranchPoints="0" sequenceCoverage="0" branchCoverage="100" maxCyclomaticComplexity="1" minCyclomaticComplexity="1" visitedClasses="0" numClasses="0" visitedMethods="0" numMethods="1" />
              <MetadataToken />
              <Name>System.Threading.Tasks.Task`1&lt;Contracts.DTOs.UserDto&gt; BusinessLogic.LotteryService::GetUserProfile(System.Int32)</Name>
              <FileRef uid="3" />
              <SequencePoints>
                <SequencePoint vc="0" uspid="229" ordinal="0" sl="229" sc="1" el="229" ec="2" bec="0" bev="0" fileid="3" />
                <SequencePoint vc="0" uspid="230" ordinal="1" sl="230" sc="1" el="230" ec="2" bec="0" bev="0" fileid="3" />
                <SequencePoint vc="0" uspid="231" ordinal="2" sl="231" sc="1" el="231" ec="2" bec="0" bev="0" fileid="3" />
              </SequencePoints>
              <BranchPoints />
              <MethodPoint vc="0" uspid="0" p8:type="SequencePoint" ordinal="7" offset="7" sc="0" sl="229" ec="1" el="231" bec="0" bev="0" fileid="3" xmlns:p8="xsi" />
            </Method>
            <Method cyclomaticComplexity="4" nPathComplexity="4" sequenceCoverage="0" branchCoverage="0" isConstructor="False" isGetter="False" isSetter="False" isStatic="True">
              <Summary numSequencePoints="9" visitedSequencePoints="0" numBranchPoints="4" visitedBranchPoints="0" sequenceCoverage="0" branchCoverage="0" maxCyclomaticComplexity="4" minCyclomaticComplexity="4" visitedClasses="0" numClasses="0" visitedMethods="0" numMethods="1" />
              <MetadataToken />
              <Name>System.Threading.Tasks.Task`1&lt;System.Boolean&gt; BusinessLogic.LotteryService::RequestEmailChange(System.Int32,System.String)</Name>
              <FileRef uid="3" />
              <SequencePoints>
                <SequencePoint vc="0" uspid="234" ordinal="0" sl="234" sc="1" el="234" ec="2" bec="0" bev="0" fileid="3" />
                <SequencePoint vc="0" uspid="235" ordinal="1" sl="235" sc="1" el="235" ec="2" bec="4" bev="0" fileid="3" />
                <SequencePoint vc="0" uspid="236" ordinal="2" sl="236" sc="1" el="236" ec="2" bec="0" bev="0" fileid="3" />
                <SequencePoint vc="0" uspid="237" ordinal="3" sl="237" sc="1" el="237" ec="2" bec="0" bev="0" fileid="3" />
                <SequencePoint vc="0" uspid="238" ordinal="4" sl="238" sc="1" el="238" ec="2" bec="0" bev="0" fileid="3" />
                <SequencePoint vc="0" uspid="239" ordinal="5" sl="239" sc="1" el="239" ec="2" bec="0" bev="0" fileid="3" />
                <SequencePoint vc="0" uspid="240" ordinal="6" sl="240" sc="1" el="240" ec="2" bec="0" bev="0" fileid="3" />
                <SequencePoint vc="0" uspid="243" ordinal="7" sl="243" sc="1" el="243" ec="2" bec="0" bev="0" fileid="3" />
                <SequencePoint vc="0" uspid="244" ordinal="8" sl="244" sc="1" el="244" ec="2" bec="0" bev="0" fileid="3" />
              </SequencePoints>
              <BranchPoints>
                <BranchPoint vc="0" uspid="235" ordinal="0" path="0" offset="7" offsetend="9" sl="235" fileid="3" />
                <BranchPoint vc="0" uspid="235" ordinal="1" path="1" offset="7" offsetend="28" sl="235" fileid="3" />
                <BranchPoint vc="0" uspid="235" ordinal="2" path="0" offset="31" offsetend="33" sl="235" fileid="3" />
                <BranchPoint vc="0" uspid="235" ordinal="3" path="1" offset="31" offsetend="67" sl="235" fileid="3" />
              </BranchPoints>
              <MethodPoint vc="0" uspid="0" p8:type="SequencePoint" ordinal="8" offset="8" sc="0" sl="234" ec="1" el="244" bec="0" bev="0" fileid="3" xmlns:p8="xsi" />
            </Method>
            <Method cyclomaticComplexity="4" nPathComplexity="4" sequenceCoverage="0" branchCoverage="0" isConstructor="False" isGetter="False" isSetter="False" isStatic="True">
              <Summary numSequencePoints="9" visitedSequencePoints="0" numBranchPoints="4" visitedBranchPoints="0" sequenceCoverage="0" branchCoverage="0" maxCyclomaticComplexity="4" minCyclomaticComplexity="4" visitedClasses="0" numClasses="0" visitedMethods="0" numMethods="1" />
              <MetadataToken />
              <Name>System.Threading.Tasks.Task`1&lt;System.Boolean&gt; BusinessLogic.LotteryService::ConfirmEmailChange(System.Int32,System.String,System.String)</Name>
              <FileRef uid="3" />
              <SequencePoints>
                <SequencePoint vc="0" uspid="247" ordinal="0" sl="247" sc="1" el="247" ec="2" bec="0" bev="0" fileid="3" />
                <SequencePoint vc="0" uspid="248" ordinal="1" sl="248" sc="1" el="248" ec="2" bec="4" bev="0" fileid="3" />
                <SequencePoint vc="0" uspid="249" ordinal="2" sl="249" sc="1" el="249" ec="2" bec="0" bev="0" fileid="3" />
                <SequencePoint vc="0" uspid="250" ordinal="3" sl="250" sc="1" el="250" ec="2" bec="0" bev="0" fileid="3" />
                <SequencePoint vc="0" uspid="251" ordinal="4" sl="251" sc="1" el="251" ec="2" bec="0" bev="0" fileid="3" />
                <SequencePoint vc="0" uspid="252" ordinal="5" sl="252" sc="1" el="252" ec="2" bec="0" bev="0" fileid="3" />
                <SequencePoint vc="0" uspid="253" ordinal="6" sl="253" sc="1" el="253" ec="2" bec="0" bev="0" fileid="3" />
                <SequencePoint vc="0" uspid="256" ordinal="7" sl="256" sc="1" el="256" ec="2" bec="0" bev="0" fileid="3" />
                <SequencePoint vc="0" uspid="257" ordinal="8" sl="257" sc="1" el="257" ec="2" bec="0" bev="0" fileid="3" />
              </SequencePoints>
              <BranchPoints>
                <BranchPoint vc="0" uspid="248" ordinal="0" path="0" offset="7" offsetend="9" sl="248" fileid="3" />
                <BranchPoint vc="0" uspid="248" ordinal="1" path="1" offset="7" offsetend="28" sl="248" fileid="3" />
                <BranchPoint vc="0" uspid="248" ordinal="2" path="0" offset="31" offsetend="33" sl="248" fileid="3" />
                <BranchPoint vc="0" uspid="248" ordinal="3" path="1" offset="31" offsetend="67" sl="248" fileid="3" />
              </BranchPoints>
              <MethodPoint vc="0" uspid="0" p8:type="SequencePoint" ordinal="9" offset="9" sc="0" sl="247" ec="1" el="257" bec="0" bev="0" fileid="3" xmlns:p8="xsi" />
            </Method>
            <Method cyclomaticComplexity="4" nPathComplexity="4" sequenceCoverage="0" branchCoverage="0" isConstructor="False" isGetter="False" isSetter="False" isStatic="True">
              <Summary numSequencePoints="9" visitedSequencePoints="0" numBranchPoints="4" visitedBranchPoints="0" sequenceCoverage="0" branchCoverage="0" maxCyclomaticComplexity="4" minCyclomaticComplexity="4" visitedClasses="0" numClasses="0" visitedMethods="0" numMethods="1" />
              <MetadataToken />
              <Name>System.Threading.Tasks.Task BusinessLogic.LotteryService::SendRequestFriendship(System.Int32,System.Int32)</Name>
              <FileRef uid="3" />
              <SequencePoints>
                <SequencePoint vc="0" uspid="262" ordinal="0" sl="262" sc="1" el="262" ec="2" bec="0" bev="0" fileid="3" />
                <SequencePoint vc="0" uspid="263" ordinal="1" sl="263" sc="1" el="263" ec="2" bec="4" bev="0" fileid="3" />
                <SequencePoint vc="0" uspid="264" ordinal="2" sl="264" sc="1" el="264" ec="2" bec="0" bev="0" fileid="3" />
                <SequencePoint vc="0" uspid="265" ordinal="3" sl="265" sc="1" el="265" ec="2" bec="0" bev="0" fileid="3" />
                <SequencePoint vc="0" uspid="266" ordinal="4" sl="266" sc="1" el="266" ec="2" bec="0" bev="0" fileid="3" />
                <SequencePoint vc="0" uspid="267" ordinal="5" sl="267" sc="1" el="267" ec="2" bec="0" bev="0" fileid="3" />
                <SequencePoint vc="0" uspid="268" ordinal="6" sl="268" sc="1" el="268" ec="2" bec="0" bev="0" fileid="3" />
                <SequencePoint vc="0" uspid="271" ordinal="7" sl="271" sc="1" el="271" ec="2" bec="0" bev="0" fileid="3" />
                <SequencePoint vc="0" uspid="272" ordinal="8" sl="272" sc="1" el="272" ec="2" bec="0" bev="0" fileid="3" />
              </SequencePoints>
              <BranchPoints>
                <BranchPoint vc="0" uspid="263" ordinal="0" path="0" offset="7" offsetend="9" sl="263" fileid="3" />
                <BranchPoint vc="0" uspid="263" ordinal="1" path="1" offset="7" offsetend="28" sl="263" fileid="3" />
                <BranchPoint vc="0" uspid="263" ordinal="2" path="0" offset="31" offsetend="33" sl="263" fileid="3" />
                <BranchPoint vc="0" uspid="263" ordinal="3" path="1" offset="31" offsetend="67" sl="263" fileid="3" />
              </BranchPoints>
              <MethodPoint vc="0" uspid="0" p8:type="SequencePoint" ordinal="10" offset="10" sc="0" sl="262" ec="1" el="272" bec="0" bev="0" fileid="3" xmlns:p8="xsi" />
            </Method>
            <Method cyclomaticComplexity="4" nPathComplexity="4" sequenceCoverage="0" branchCoverage="0" isConstructor="False" isGetter="False" isSetter="False" isStatic="True">
              <Summary numSequencePoints="9" visitedSequencePoints="0" numBranchPoints="4" visitedBranchPoints="0" sequenceCoverage="0" branchCoverage="0" maxCyclomaticComplexity="4" minCyclomaticComplexity="4" visitedClasses="0" numClasses="0" visitedMethods="0" numMethods="1" />
              <MetadataToken />
              <Name>System.Threading.Tasks.Task BusinessLogic.LotteryService::AcceptFriendRequest(System.Int32,System.Int32)</Name>
              <FileRef uid="3" />
              <SequencePoints>
                <SequencePoint vc="0" uspid="275" ordinal="0" sl="275" sc="1" el="275" ec="2" bec="0" bev="0" fileid="3" />
                <SequencePoint vc="0" uspid="276" ordinal="1" sl="276" sc="1" el="276" ec="2" bec="4" bev="0" fileid="3" />
                <SequencePoint vc="0" uspid="277" ordinal="2" sl="277" sc="1" el="277" ec="2" bec="0" bev="0" fileid="3" />
                <SequencePoint vc="0" uspid="278" ordinal="3" sl="278" sc="1" el="278" ec="2" bec="0" bev="0" fileid="3" />
                <SequencePoint vc="0" uspid="279" ordinal="4" sl="279" sc="1" el="279" ec="2" bec="0" bev="0" fileid="3" />
                <SequencePoint vc="0" uspid="280" ordinal="5" sl="280" sc="1" el="280" ec="2" bec="0" bev="0" fileid="3" />
                <SequencePoint vc="0" uspid="281" ordinal="6" sl="281" sc="1" el="281" ec="2" bec="0" bev="0" fileid="3" />
                <SequencePoint vc="0" uspid="284" ordinal="7" sl="284" sc="1" el="284" ec="2" bec="0" bev="0" fileid="3" />
                <SequencePoint vc="0" uspid="285" ordinal="8" sl="285" sc="1" el="285" ec="2" bec="0" bev="0" fileid="3" />
              </SequencePoints>
              <BranchPoints>
                <BranchPoint vc="0" uspid="276" ordinal="0" path="0" offset="7" offsetend="9" sl="276" fileid="3" />
                <BranchPoint vc="0" uspid="276" ordinal="1" path="1" offset="7" offsetend="28" sl="276" fileid="3" />
                <BranchPoint vc="0" uspid="276" ordinal="2" path="0" offset="31" offsetend="33" sl="276" fileid="3" />
                <BranchPoint vc="0" uspid="276" ordinal="3" path="1" offset="31" offsetend="67" sl="276" fileid="3" />
              </BranchPoints>
              <MethodPoint vc="0" uspid="0" p8:type="SequencePoint" ordinal="11" offset="11" sc="0" sl="275" ec="1" el="285" bec="0" bev="0" fileid="3" xmlns:p8="xsi" />
            </Method>
            <Method cyclomaticComplexity="4" nPathComplexity="4" sequenceCoverage="0" branchCoverage="0" isConstructor="False" isGetter="False" isSetter="False" isStatic="True">
              <Summary numSequencePoints="9" visitedSequencePoints="0" numBranchPoints="4" visitedBranchPoints="0" sequenceCoverage="0" branchCoverage="0" maxCyclomaticComplexity="4" minCyclomaticComplexity="4" visitedClasses="0" numClasses="0" visitedMethods="0" numMethods="1" />
              <MetadataToken />
              <Name>System.Threading.Tasks.Task BusinessLogic.LotteryService::RejectFriendRequest(System.Int32,System.Int32)</Name>
              <FileRef uid="3" />
              <SequencePoints>
                <SequencePoint vc="0" uspid="288" ordinal="0" sl="288" sc="1" el="288" ec="2" bec="0" bev="0" fileid="3" />
                <SequencePoint vc="0" uspid="289" ordinal="1" sl="289" sc="1" el="289" ec="2" bec="4" bev="0" fileid="3" />
                <SequencePoint vc="0" uspid="290" ordinal="2" sl="290" sc="1" el="290" ec="2" bec="0" bev="0" fileid="3" />
                <SequencePoint vc="0" uspid="291" ordinal="3" sl="291" sc="1" el="291" ec="2" bec="0" bev="0" fileid="3" />
                <SequencePoint vc="0" uspid="292" ordinal="4" sl="292" sc="1" el="292" ec="2" bec="0" bev="0" fileid="3" />
                <SequencePoint vc="0" uspid="293" ordinal="5" sl="293" sc="1" el="293" ec="2" bec="0" bev="0" fileid="3" />
                <SequencePoint vc="0" uspid="294" ordinal="6" sl="294" sc="1" el="294" ec="2" bec="0" bev="0" fileid="3" />
                <SequencePoint vc="0" uspid="297" ordinal="7" sl="297" sc="1" el="297" ec="2" bec="0" bev="0" fileid="3" />
                <SequencePoint vc="0" uspid="298" ordinal="8" sl="298" sc="1" el="298" ec="2" bec="0" bev="0" fileid="3" />
              </SequencePoints>
              <BranchPoints>
                <BranchPoint vc="0" uspid="289" ordinal="0" path="0" offset="7" offsetend="9" sl="289" fileid="3" />
                <BranchPoint vc="0" uspid="289" ordinal="1" path="1" offset="7" offsetend="28" sl="289" fileid="3" />
                <BranchPoint vc="0" uspid="289" ordinal="2" path="0" offset="31" offsetend="33" sl="289" fileid="3" />
                <BranchPoint vc="0" uspid="289" ordinal="3" path="1" offset="31" offsetend="67" sl="289" fileid="3" />
              </BranchPoints>
              <MethodPoint vc="0" uspid="0" p8:type="SequencePoint" ordinal="12" offset="12" sc="0" sl="288" ec="1" el="298" bec="0" bev="0" fileid="3" xmlns:p8="xsi" />
            </Method>
            <Method cyclomaticComplexity="4" nPathComplexity="4" sequenceCoverage="0" branchCoverage="0" isConstructor="False" isGetter="False" isSetter="False" isStatic="True">
              <Summary numSequencePoints="9" visitedSequencePoints="0" numBranchPoints="4" visitedBranchPoints="0" sequenceCoverage="0" branchCoverage="0" maxCyclomaticComplexity="4" minCyclomaticComplexity="4" visitedClasses="0" numClasses="0" visitedMethods="0" numMethods="1" />
              <MetadataToken />
              <Name>System.Threading.Tasks.Task BusinessLogic.LotteryService::CancelFriendRequest(System.Int32,System.Int32)</Name>
              <FileRef uid="3" />
              <SequencePoints>
                <SequencePoint vc="0" uspid="301" ordinal="0" sl="301" sc="1" el="301" ec="2" bec="0" bev="0" fileid="3" />
                <SequencePoint vc="0" uspid="302" ordinal="1" sl="302" sc="1" el="302" ec="2" bec="4" bev="0" fileid="3" />
                <SequencePoint vc="0" uspid="303" ordinal="2" sl="303" sc="1" el="303" ec="2" bec="0" bev="0" fileid="3" />
                <SequencePoint vc="0" uspid="304" ordinal="3" sl="304" sc="1" el="304" ec="2" bec="0" bev="0" fileid="3" />
                <SequencePoint vc="0" uspid="305" ordinal="4" sl="305" sc="1" el="305" ec="2" bec="0" bev="0" fileid="3" />
                <SequencePoint vc="0" uspid="306" ordinal="5" sl="306" sc="1" el="306" ec="2" bec="0" bev="0" fileid="3" />
                <SequencePoint vc="0" uspid="307" ordinal="6" sl="307" sc="1" el="307" ec="2" bec="0" bev="0" fileid="3" />
                <SequencePoint vc="0" uspid="310" ordinal="7" sl="310" sc="1" el="310" ec="2" bec="0" bev="0" fileid="3" />
                <SequencePoint vc="0" uspid="311" ordinal="8" sl="311" sc="1" el="311" ec="2" bec="0" bev="0" fileid="3" />
              </SequencePoints>
              <BranchPoints>
                <BranchPoint vc="0" uspid="302" ordinal="0" path="0" offset="7" offsetend="9" sl="302" fileid="3" />
                <BranchPoint vc="0" uspid="302" ordinal="1" path="1" offset="7" offsetend="28" sl="302" fileid="3" />
                <BranchPoint vc="0" uspid="302" ordinal="2" path="0" offset="31" offsetend="33" sl="302" fileid="3" />
                <BranchPoint vc="0" uspid="302" ordinal="3" path="1" offset="31" offsetend="67" sl="302" fileid="3" />
              </BranchPoints>
              <MethodPoint vc="0" uspid="0" p8:type="SequencePoint" ordinal="13" offset="13" sc="0" sl="301" ec="1" el="311" bec="0" bev="0" fileid="3" xmlns:p8="xsi" />
            </Method>
            <Method cyclomaticComplexity="4" nPathComplexity="4" sequenceCoverage="0" branchCoverage="0" isConstructor="False" isGetter="False" isSetter="False" isStatic="True">
              <Summary numSequencePoints="9" visitedSequencePoints="0" numBranchPoints="4" visitedBranchPoints="0" sequenceCoverage="0" branchCoverage="0" maxCyclomaticComplexity="4" minCyclomaticComplexity="4" visitedClasses="0" numClasses="0" visitedMethods="0" numMethods="1" />
              <MetadataToken />
              <Name>System.Threading.Tasks.Task BusinessLogic.LotteryService::RemoveFriend(System.Int32,System.Int32)</Name>
              <FileRef uid="3" />
              <SequencePoints>
                <SequencePoint vc="0" uspid="314" ordinal="0" sl="314" sc="1" el="314" ec="2" bec="0" bev="0" fileid="3" />
                <SequencePoint vc="0" uspid="315" ordinal="1" sl="315" sc="1" el="315" ec="2" bec="4" bev="0" fileid="3" />
                <SequencePoint vc="0" uspid="316" ordinal="2" sl="316" sc="1" el="316" ec="2" bec="0" bev="0" fileid="3" />
                <SequencePoint vc="0" uspid="317" ordinal="3" sl="317" sc="1" el="317" ec="2" bec="0" bev="0" fileid="3" />
                <SequencePoint vc="0" uspid="318" ordinal="4" sl="318" sc="1" el="318" ec="2" bec="0" bev="0" fileid="3" />
                <SequencePoint vc="0" uspid="319" ordinal="5" sl="319" sc="1" el="319" ec="2" bec="0" bev="0" fileid="3" />
                <SequencePoint vc="0" uspid="320" ordinal="6" sl="320" sc="1" el="320" ec="2" bec="0" bev="0" fileid="3" />
                <SequencePoint vc="0" uspid="323" ordinal="7" sl="323" sc="1" el="323" ec="2" bec="0" bev="0" fileid="3" />
                <SequencePoint vc="0" uspid="324" ordinal="8" sl="324" sc="1" el="324" ec="2" bec="0" bev="0" fileid="3" />
              </SequencePoints>
              <BranchPoints>
                <BranchPoint vc="0" uspid="315" ordinal="0" path="0" offset="7" offsetend="9" sl="315" fileid="3" />
                <BranchPoint vc="0" uspid="315" ordinal="1" path="1" offset="7" offsetend="28" sl="315" fileid="3" />
                <BranchPoint vc="0" uspid="315" ordinal="2" path="0" offset="31" offsetend="33" sl="315" fileid="3" />
                <BranchPoint vc="0" uspid="315" ordinal="3" path="1" offset="31" offsetend="67" sl="315" fileid="3" />
              </BranchPoints>
              <MethodPoint vc="0" uspid="0" p8:type="SequencePoint" ordinal="14" offset="14" sc="0" sl="314" ec="1" el="324" bec="0" bev="0" fileid="3" xmlns:p8="xsi" />
            </Method>
            <Method cyclomaticComplexity="4" nPathComplexity="4" sequenceCoverage="0" branchCoverage="0" isConstructor="False" isGetter="False" isSetter="False" isStatic="True">
              <Summary numSequencePoints="9" visitedSequencePoints="0" numBranchPoints="4" visitedBranchPoints="0" sequenceCoverage="0" branchCoverage="0" maxCyclomaticComplexity="4" minCyclomaticComplexity="4" visitedClasses="0" numClasses="0" visitedMethods="0" numMethods="1" />
              <MetadataToken />
              <Name>System.Threading.Tasks.Task`1&lt;System.Collections.Generic.List`1&lt;Contracts.DTOs.FriendDto&gt;&gt; BusinessLogic.LotteryService::GetFriends(System.Int32)</Name>
              <FileRef uid="3" />
              <SequencePoints>
                <SequencePoint vc="0" uspid="327" ordinal="0" sl="327" sc="1" el="327" ec="2" bec="0" bev="0" fileid="3" />
                <SequencePoint vc="0" uspid="328" ordinal="1" sl="328" sc="1" el="328" ec="2" bec="4" bev="0" fileid="3" />
                <SequencePoint vc="0" uspid="329" ordinal="2" sl="329" sc="1" el="329" ec="2" bec="0" bev="0" fileid="3" />
                <SequencePoint vc="0" uspid="330" ordinal="3" sl="330" sc="1" el="330" ec="2" bec="0" bev="0" fileid="3" />
                <SequencePoint vc="0" uspid="331" ordinal="4" sl="331" sc="1" el="331" ec="2" bec="0" bev="0" fileid="3" />
                <SequencePoint vc="0" uspid="332" ordinal="5" sl="332" sc="1" el="332" ec="2" bec="0" bev="0" fileid="3" />
                <SequencePoint vc="0" uspid="333" ordinal="6" sl="333" sc="1" el="333" ec="2" bec="0" bev="0" fileid="3" />
                <SequencePoint vc="0" uspid="336" ordinal="7" sl="336" sc="1" el="336" ec="2" bec="0" bev="0" fileid="3" />
                <SequencePoint vc="0" uspid="337" ordinal="8" sl="337" sc="1" el="337" ec="2" bec="0" bev="0" fileid="3" />
              </SequencePoints>
              <BranchPoints>
                <BranchPoint vc="0" uspid="328" ordinal="0" path="0" offset="7" offsetend="9" sl="328" fileid="3" />
                <BranchPoint vc="0" uspid="328" ordinal="1" path="1" offset="7" offsetend="28" sl="328" fileid="3" />
                <BranchPoint vc="0" uspid="328" ordinal="2" path="0" offset="31" offsetend="33" sl="328" fileid="3" />
                <BranchPoint vc="0" uspid="328" ordinal="3" path="1" offset="31" offsetend="67" sl="328" fileid="3" />
              </BranchPoints>
              <MethodPoint vc="0" uspid="0" p8:type="SequencePoint" ordinal="15" offset="15" sc="0" sl="327" ec="1" el="337" bec="0" bev="0" fileid="3" xmlns:p8="xsi" />
            </Method>
            <Method cyclomaticComplexity="4" nPathComplexity="4" sequenceCoverage="0" branchCoverage="0" isConstructor="False" isGetter="False" isSetter="False" isStatic="True">
              <Summary numSequencePoints="9" visitedSequencePoints="0" numBranchPoints="4" visitedBranchPoints="0" sequenceCoverage="0" branchCoverage="0" maxCyclomaticComplexity="4" minCyclomaticComplexity="4" visitedClasses="0" numClasses="0" visitedMethods="0" numMethods="1" />
              <MetadataToken />
              <Name>System.Threading.Tasks.Task`1&lt;System.Collections.Generic.List`1&lt;Contracts.DTOs.FriendDto&gt;&gt; BusinessLogic.LotteryService::GetPendingRequests(System.Int32)</Name>
              <FileRef uid="3" />
              <SequencePoints>
                <SequencePoint vc="0" uspid="340" ordinal="0" sl="340" sc="1" el="340" ec="2" bec="0" bev="0" fileid="3" />
                <SequencePoint vc="0" uspid="341" ordinal="1" sl="341" sc="1" el="341" ec="2" bec="4" bev="0" fileid="3" />
                <SequencePoint vc="0" uspid="342" ordinal="2" sl="342" sc="1" el="342" ec="2" bec="0" bev="0" fileid="3" />
                <SequencePoint vc="0" uspid="343" ordinal="3" sl="343" sc="1" el="343" ec="2" bec="0" bev="0" fileid="3" />
                <SequencePoint vc="0" uspid="344" ordinal="4" sl="344" sc="1" el="344" ec="2" bec="0" bev="0" fileid="3" />
                <SequencePoint vc="0" uspid="345" ordinal="5" sl="345" sc="1" el="345" ec="2" bec="0" bev="0" fileid="3" />
                <SequencePoint vc="0" uspid="346" ordinal="6" sl="346" sc="1" el="346" ec="2" bec="0" bev="0" fileid="3" />
                <SequencePoint vc="0" uspid="349" ordinal="7" sl="349" sc="1" el="349" ec="2" bec="0" bev="0" fileid="3" />
                <SequencePoint vc="0" uspid="350" ordinal="8" sl="350" sc="1" el="350" ec="2" bec="0" bev="0" fileid="3" />
              </SequencePoints>
              <BranchPoints>
                <BranchPoint vc="0" uspid="341" ordinal="0" path="0" offset="7" offsetend="9" sl="341" fileid="3" />
                <BranchPoint vc="0" uspid="341" ordinal="1" path="1" offset="7" offsetend="28" sl="341" fileid="3" />
                <BranchPoint vc="0" uspid="341" ordinal="2" path="0" offset="31" offsetend="33" sl="341" fileid="3" />
                <BranchPoint vc="0" uspid="341" ordinal="3" path="1" offset="31" offsetend="67" sl="341" fileid="3" />
              </BranchPoints>
              <MethodPoint vc="0" uspid="0" p8:type="SequencePoint" ordinal="16" offset="16" sc="0" sl="340" ec="1" el="350" bec="0" bev="0" fileid="3" xmlns:p8="xsi" />
            </Method>
            <Method cyclomaticComplexity="4" nPathComplexity="4" sequenceCoverage="0" branchCoverage="0" isConstructor="False" isGetter="False" isSetter="False" isStatic="True">
              <Summary numSequencePoints="9" visitedSequencePoints="0" numBranchPoints="4" visitedBranchPoints="0" sequenceCoverage="0" branchCoverage="0" maxCyclomaticComplexity="4" minCyclomaticComplexity="4" visitedClasses="0" numClasses="0" visitedMethods="0" numMethods="1" />
              <MetadataToken />
              <Name>System.Threading.Tasks.Task`1&lt;System.Collections.Generic.List`1&lt;Contracts.DTOs.FriendDto&gt;&gt; BusinessLogic.LotteryService::GetSentRequests(System.Int32)</Name>
              <FileRef uid="3" />
              <SequencePoints>
                <SequencePoint vc="0" uspid="353" ordinal="0" sl="353" sc="1" el="353" ec="2" bec="0" bev="0" fileid="3" />
                <SequencePoint vc="0" uspid="354" ordinal="1" sl="354" sc="1" el="354" ec="2" bec="4" bev="0" fileid="3" />
                <SequencePoint vc="0" uspid="355" ordinal="2" sl="355" sc="1" el="355" ec="2" bec="0" bev="0" fileid="3" />
                <SequencePoint vc="0" uspid="356" ordinal="3" sl="356" sc="1" el="356" ec="2" bec="0" bev="0" fileid="3" />
                <SequencePoint vc="0" uspid="357" ordinal="4" sl="357" sc="1" el="357" ec="2" bec="0" bev="0" fileid="3" />
                <SequencePoint vc="0" uspid="358" ordinal="5" sl="358" sc="1" el="358" ec="2" bec="0" bev="0" fileid="3" />
                <SequencePoint vc="0" uspid="359" ordinal="6" sl="359" sc="1" el="359" ec="2" bec="0" bev="0" fileid="3" />
                <SequencePoint vc="0" uspid="362" ordinal="7" sl="362" sc="1" el="362" ec="2" bec="0" bev="0" fileid="3" />
                <SequencePoint vc="0" uspid="363" ordinal="8" sl="363" sc="1" el="363" ec="2" bec="0" bev="0" fileid="3" />
              </SequencePoints>
              <BranchPoints>
                <BranchPoint vc="0" uspid="354" ordinal="0" path="0" offset="7" offsetend="9" sl="354" fileid="3" />
                <BranchPoint vc="0" uspid="354" ordinal="1" path="1" offset="7" offsetend="28" sl="354" fileid="3" />
                <BranchPoint vc="0" uspid="354" ordinal="2" path="0" offset="31" offsetend="33" sl="354" fileid="3" />
                <BranchPoint vc="0" uspid="354" ordinal="3" path="1" offset="31" offsetend="67" sl="354" fileid="3" />
              </BranchPoints>
              <MethodPoint vc="0" uspid="0" p8:type="SequencePoint" ordinal="17" offset="17" sc="0" sl="353" ec="1" el="363" bec="0" bev="0" fileid="3" xmlns:p8="xsi" />
            </Method>
            <Method cyclomaticComplexity="2" nPathComplexity="2" sequenceCoverage="0" branchCoverage="0" isConstructor="False" isGetter="False" isSetter="False" isStatic="True">
              <Summary numSequencePoints="9" visitedSequencePoints="0" numBranchPoints="2" visitedBranchPoints="0" sequenceCoverage="0" branchCoverage="0" maxCyclomaticComplexity="2" minCyclomaticComplexity="2" visitedClasses="0" numClasses="0" visitedMethods="0" numMethods="1" />
              <MetadataToken />
              <Name>System.Threading.Tasks.Task BusinessLogic.LotteryService::InviteFriendToLobby(System.String,System.Int32)</Name>
              <FileRef uid="3" />
              <SequencePoints>
                <SequencePoint vc="0" uspid="366" ordinal="0" sl="366" sc="1" el="366" ec="2" bec="0" bev="0" fileid="3" />
                <SequencePoint vc="0" uspid="367" ordinal="1" sl="367" sc="1" el="367" ec="2" bec="2" bev="0" fileid="3" />
                <SequencePoint vc="0" uspid="368" ordinal="2" sl="368" sc="1" el="368" ec="2" bec="0" bev="0" fileid="3" />
                <SequencePoint vc="0" uspid="369" ordinal="3" sl="369" sc="1" el="369" ec="2" bec="0" bev="0" fileid="3" />
                <SequencePoint vc="0" uspid="370" ordinal="4" sl="370" sc="1" el="370" ec="2" bec="0" bev="0" fileid="3" />
                <SequencePoint vc="0" uspid="371" ordinal="5" sl="371" sc="1" el="371" ec="2" bec="0" bev="0" fileid="3" />
                <SequencePoint vc="0" uspid="372" ordinal="6" sl="372" sc="1" el="372" ec="2" bec="0" bev="0" fileid="3" />
                <SequencePoint vc="0" uspid="375" ordinal="7" sl="375" sc="1" el="375" ec="2" bec="0" bev="0" fileid="3" />
                <SequencePoint vc="0" uspid="376" ordinal="8" sl="376" sc="1" el="376" ec="2" bec="0" bev="0" fileid="3" />
              </SequencePoints>
              <BranchPoints>
                <BranchPoint vc="0" uspid="367" ordinal="0" path="0" offset="12" offsetend="14" sl="367" fileid="3" />
                <BranchPoint vc="0" uspid="367" ordinal="1" path="1" offset="12" offsetend="48" sl="367" fileid="3" />
              </BranchPoints>
              <MethodPoint vc="0" uspid="0" p8:type="SequencePoint" ordinal="18" offset="18" sc="0" sl="366" ec="1" el="376" bec="0" bev="0" fileid="3" xmlns:p8="xsi" />
            </Method>
            <Method cyclomaticComplexity="2" nPathComplexity="2" sequenceCoverage="0" branchCoverage="0" isConstructor="False" isGetter="False" isSetter="False" isStatic="True">
              <Summary numSequencePoints="9" visitedSequencePoints="0" numBranchPoints="2" visitedBranchPoints="0" sequenceCoverage="0" branchCoverage="0" maxCyclomaticComplexity="2" minCyclomaticComplexity="2" visitedClasses="0" numClasses="0" visitedMethods="0" numMethods="1" />
              <MetadataToken />
              <Name>System.Threading.Tasks.Task`1&lt;Contracts.DTOs.LobbyStateDto&gt; BusinessLogic.LotteryService::CreateLobby()</Name>
              <FileRef uid="3" />
              <SequencePoints>
                <SequencePoint vc="0" uspid="381" ordinal="0" sl="381" sc="1" el="381" ec="2" bec="0" bev="0" fileid="3" />
                <SequencePoint vc="0" uspid="382" ordinal="1" sl="382" sc="1" el="382" ec="2" bec="2" bev="0" fileid="3" />
                <SequencePoint vc="0" uspid="383" ordinal="2" sl="383" sc="1" el="383" ec="2" bec="0" bev="0" fileid="3" />
                <SequencePoint vc="0" uspid="384" ordinal="3" sl="384" sc="1" el="384" ec="2" bec="0" bev="0" fileid="3" />
                <SequencePoint vc="0" uspid="385" ordinal="4" sl="385" sc="1" el="385" ec="2" bec="0" bev="0" fileid="3" />
                <SequencePoint vc="0" uspid="386" ordinal="5" sl="386" sc="1" el="386" ec="2" bec="0" bev="0" fileid="3" />
                <SequencePoint vc="0" uspid="387" ordinal="6" sl="387" sc="1" el="387" ec="2" bec="0" bev="0" fileid="3" />
                <SequencePoint vc="0" uspid="390" ordinal="7" sl="390" sc="1" el="390" ec="2" bec="0" bev="0" fileid="3" />
                <SequencePoint vc="0" uspid="391" ordinal="8" sl="391" sc="1" el="391" ec="2" bec="0" bev="0" fileid="3" />
              </SequencePoints>
              <BranchPoints>
                <BranchPoint vc="0" uspid="382" ordinal="0" path="0" offset="12" offsetend="14" sl="382" fileid="3" />
                <BranchPoint vc="0" uspid="382" ordinal="1" path="1" offset="12" offsetend="48" sl="382" fileid="3" />
              </BranchPoints>
              <MethodPoint vc="0" uspid="0" p8:type="SequencePoint" ordinal="19" offset="19" sc="0" sl="381" ec="1" el="391" bec="0" bev="0" fileid="3" xmlns:p8="xsi" />
            </Method>
            <Method cyclomaticComplexity="2" nPathComplexity="2" sequenceCoverage="0" branchCoverage="0" isConstructor="False" isGetter="False" isSetter="False" isStatic="True">
              <Summary numSequencePoints="9" visitedSequencePoints="0" numBranchPoints="2" visitedBranchPoints="0" sequenceCoverage="0" branchCoverage="0" maxCyclomaticComplexity="2" minCyclomaticComplexity="2" visitedClasses="0" numClasses="0" visitedMethods="0" numMethods="1" />
              <MetadataToken />
              <Name>System.Threading.Tasks.Task`1&lt;Contracts.DTOs.LobbyStateDto&gt; BusinessLogic.LotteryService::JoinLobby(Contracts.DTOs.UserDto,System.String)</Name>
              <FileRef uid="3" />
              <SequencePoints>
                <SequencePoint vc="0" uspid="394" ordinal="0" sl="394" sc="1" el="394" ec="2" bec="0" bev="0" fileid="3" />
                <SequencePoint vc="0" uspid="395" ordinal="1" sl="395" sc="1" el="395" ec="2" bec="2" bev="0" fileid="3" />
                <SequencePoint vc="0" uspid="396" ordinal="2" sl="396" sc="1" el="396" ec="2" bec="0" bev="0" fileid="3" />
                <SequencePoint vc="0" uspid="397" ordinal="3" sl="397" sc="1" el="397" ec="2" bec="0" bev="0" fileid="3" />
                <SequencePoint vc="0" uspid="398" ordinal="4" sl="398" sc="1" el="398" ec="2" bec="0" bev="0" fileid="3" />
                <SequencePoint vc="0" uspid="399" ordinal="5" sl="399" sc="1" el="399" ec="2" bec="0" bev="0" fileid="3" />
                <SequencePoint vc="0" uspid="400" ordinal="6" sl="400" sc="1" el="400" ec="2" bec="0" bev="0" fileid="3" />
                <SequencePoint vc="0" uspid="403" ordinal="7" sl="403" sc="1" el="403" ec="2" bec="0" bev="0" fileid="3" />
                <SequencePoint vc="0" uspid="404" ordinal="8" sl="404" sc="1" el="404" ec="2" bec="0" bev="0" fileid="3" />
              </SequencePoints>
              <BranchPoints>
                <BranchPoint vc="0" uspid="395" ordinal="0" path="0" offset="12" offsetend="14" sl="395" fileid="3" />
                <BranchPoint vc="0" uspid="395" ordinal="1" path="1" offset="12" offsetend="48" sl="395" fileid="3" />
              </BranchPoints>
              <MethodPoint vc="0" uspid="0" p8:type="SequencePoint" ordinal="20" offset="20" sc="0" sl="394" ec="1" el="404" bec="0" bev="0" fileid="3" xmlns:p8="xsi" />
            </Method>
            <Method cyclomaticComplexity="2" nPathComplexity="2" sequenceCoverage="0" branchCoverage="0" isConstructor="False" isGetter="False" isSetter="False" isStatic="True">
              <Summary numSequencePoints="9" visitedSequencePoints="0" numBranchPoints="2" visitedBranchPoints="0" sequenceCoverage="0" branchCoverage="0" maxCyclomaticComplexity="2" minCyclomaticComplexity="2" visitedClasses="0" numClasses="0" visitedMethods="0" numMethods="1" />
              <MetadataToken />
              <Name>System.Threading.Tasks.Task BusinessLogic.LotteryService::KickPlayer(System.Int32)</Name>
              <FileRef uid="3" />
              <SequencePoints>
                <SequencePoint vc="0" uspid="416" ordinal="0" sl="416" sc="1" el="416" ec="2" bec="0" bev="0" fileid="3" />
                <SequencePoint vc="0" uspid="417" ordinal="1" sl="417" sc="1" el="417" ec="2" bec="2" bev="0" fileid="3" />
                <SequencePoint vc="0" uspid="418" ordinal="2" sl="418" sc="1" el="418" ec="2" bec="0" bev="0" fileid="3" />
                <SequencePoint vc="0" uspid="419" ordinal="3" sl="419" sc="1" el="419" ec="2" bec="0" bev="0" fileid="3" />
                <SequencePoint vc="0" uspid="420" ordinal="4" sl="420" sc="1" el="420" ec="2" bec="0" bev="0" fileid="3" />
                <SequencePoint vc="0" uspid="421" ordinal="5" sl="421" sc="1" el="421" ec="2" bec="0" bev="0" fileid="3" />
                <SequencePoint vc="0" uspid="422" ordinal="6" sl="422" sc="1" el="422" ec="2" bec="0" bev="0" fileid="3" />
                <SequencePoint vc="0" uspid="425" ordinal="7" sl="425" sc="1" el="425" ec="2" bec="0" bev="0" fileid="3" />
                <SequencePoint vc="0" uspid="426" ordinal="8" sl="426" sc="1" el="426" ec="2" bec="0" bev="0" fileid="3" />
              </SequencePoints>
              <BranchPoints>
                <BranchPoint vc="0" uspid="417" ordinal="0" path="0" offset="12" offsetend="14" sl="417" fileid="3" />
                <BranchPoint vc="0" uspid="417" ordinal="1" path="1" offset="12" offsetend="48" sl="417" fileid="3" />
              </BranchPoints>
              <MethodPoint vc="0" uspid="0" p8:type="SequencePoint" ordinal="21" offset="21" sc="0" sl="416" ec="1" el="426" bec="0" bev="0" fileid="3" xmlns:p8="xsi" />
            </Method>
            <Method cyclomaticComplexity="2" nPathComplexity="2" sequenceCoverage="0" branchCoverage="0" isConstructor="False" isGetter="False" isSetter="False" isStatic="True">
              <Summary numSequencePoints="9" visitedSequencePoints="0" numBranchPoints="2" visitedBranchPoints="0" sequenceCoverage="0" branchCoverage="0" maxCyclomaticComplexity="2" minCyclomaticComplexity="2" visitedClasses="0" numClasses="0" visitedMethods="0" numMethods="1" />
              <MetadataToken />
              <Name>System.Threading.Tasks.Task BusinessLogic.LotteryService::ChooseBoard(Contracts.DTOs.UserDto,System.Int32)</Name>
              <FileRef uid="3" />
              <SequencePoints>
                <SequencePoint vc="0" uspid="429" ordinal="0" sl="429" sc="1" el="429" ec="2" bec="0" bev="0" fileid="3" />
                <SequencePoint vc="0" uspid="430" ordinal="1" sl="430" sc="1" el="430" ec="2" bec="2" bev="0" fileid="3" />
                <SequencePoint vc="0" uspid="431" ordinal="2" sl="431" sc="1" el="431" ec="2" bec="0" bev="0" fileid="3" />
                <SequencePoint vc="0" uspid="432" ordinal="3" sl="432" sc="1" el="432" ec="2" bec="0" bev="0" fileid="3" />
                <SequencePoint vc="0" uspid="433" ordinal="4" sl="433" sc="1" el="433" ec="2" bec="0" bev="0" fileid="3" />
                <SequencePoint vc="0" uspid="434" ordinal="5" sl="434" sc="1" el="434" ec="2" bec="0" bev="0" fileid="3" />
                <SequencePoint vc="0" uspid="435" ordinal="6" sl="435" sc="1" el="435" ec="2" bec="0" bev="0" fileid="3" />
                <SequencePoint vc="0" uspid="438" ordinal="7" sl="438" sc="1" el="438" ec="2" bec="0" bev="0" fileid="3" />
                <SequencePoint vc="0" uspid="439" ordinal="8" sl="439" sc="1" el="439" ec="2" bec="0" bev="0" fileid="3" />
              </SequencePoints>
              <BranchPoints>
                <BranchPoint vc="0" uspid="430" ordinal="0" path="0" offset="12" offsetend="14" sl="430" fileid="3" />
                <BranchPoint vc="0" uspid="430" ordinal="1" path="1" offset="12" offsetend="48" sl="430" fileid="3" />
              </BranchPoints>
              <MethodPoint vc="0" uspid="0" p8:type="SequencePoint" ordinal="22" offset="22" sc="0" sl="429" ec="1" el="439" bec="0" bev="0" fileid="3" xmlns:p8="xsi" />
            </Method>
            <Method cyclomaticComplexity="2" nPathComplexity="2" sequenceCoverage="0" branchCoverage="0" isConstructor="False" isGetter="False" isSetter="False" isStatic="True">
              <Summary numSequencePoints="9" visitedSequencePoints="0" numBranchPoints="2" visitedBranchPoints="0" sequenceCoverage="0" branchCoverage="0" maxCyclomaticComplexity="2" minCyclomaticComplexity="2" visitedClasses="0" numClasses="0" visitedMethods="0" numMethods="1" />
              <MetadataToken />
              <Name>System.Threading.Tasks.Task BusinessLogic.LotteryService::StartGame(Contracts.DTOs.GameSettingsDto)</Name>
              <FileRef uid="3" />
              <SequencePoints>
                <SequencePoint vc="0" uspid="444" ordinal="0" sl="444" sc="1" el="444" ec="2" bec="0" bev="0" fileid="3" />
                <SequencePoint vc="0" uspid="445" ordinal="1" sl="445" sc="1" el="445" ec="2" bec="2" bev="0" fileid="3" />
                <SequencePoint vc="0" uspid="446" ordinal="2" sl="446" sc="1" el="446" ec="2" bec="0" bev="0" fileid="3" />
                <SequencePoint vc="0" uspid="447" ordinal="3" sl="447" sc="1" el="447" ec="2" bec="0" bev="0" fileid="3" />
                <SequencePoint vc="0" uspid="448" ordinal="4" sl="448" sc="1" el="448" ec="2" bec="0" bev="0" fileid="3" />
                <SequencePoint vc="0" uspid="449" ordinal="5" sl="449" sc="1" el="449" ec="2" bec="0" bev="0" fileid="3" />
                <SequencePoint vc="0" uspid="450" ordinal="6" sl="450" sc="1" el="450" ec="2" bec="0" bev="0" fileid="3" />
                <SequencePoint vc="0" uspid="453" ordinal="7" sl="453" sc="1" el="453" ec="2" bec="0" bev="0" fileid="3" />
                <SequencePoint vc="0" uspid="454" ordinal="8" sl="454" sc="1" el="454" ec="2" bec="0" bev="0" fileid="3" />
              </SequencePoints>
              <BranchPoints>
                <BranchPoint vc="0" uspid="445" ordinal="0" path="0" offset="12" offsetend="14" sl="445" fileid="3" />
                <BranchPoint vc="0" uspid="445" ordinal="1" path="1" offset="12" offsetend="48" sl="445" fileid="3" />
              </BranchPoints>
              <MethodPoint vc="0" uspid="0" p8:type="SequencePoint" ordinal="23" offset="23" sc="0" sl="444" ec="1" el="454" bec="0" bev="0" fileid="3" xmlns:p8="xsi" />
            </Method>
            <Method cyclomaticComplexity="2" nPathComplexity="2" sequenceCoverage="0" branchCoverage="0" isConstructor="False" isGetter="False" isSetter="False" isStatic="True">
              <Summary numSequencePoints="9" visitedSequencePoints="0" numBranchPoints="2" visitedBranchPoints="0" sequenceCoverage="0" branchCoverage="0" maxCyclomaticComplexity="2" minCyclomaticComplexity="2" visitedClasses="0" numClasses="0" visitedMethods="0" numMethods="1" />
              <MetadataToken />
              <Name>System.Threading.Tasks.Task BusinessLogic.LotteryService::UpdateGameSettings(Contracts.DTOs.GameSettingsDto)</Name>
              <FileRef uid="3" />
              <SequencePoints>
                <SequencePoint vc="0" uspid="457" ordinal="0" sl="457" sc="1" el="457" ec="2" bec="0" bev="0" fileid="3" />
                <SequencePoint vc="0" uspid="458" ordinal="1" sl="458" sc="1" el="458" ec="2" bec="2" bev="0" fileid="3" />
                <SequencePoint vc="0" uspid="459" ordinal="2" sl="459" sc="1" el="459" ec="2" bec="0" bev="0" fileid="3" />
                <SequencePoint vc="0" uspid="460" ordinal="3" sl="460" sc="1" el="460" ec="2" bec="0" bev="0" fileid="3" />
                <SequencePoint vc="0" uspid="461" ordinal="4" sl="461" sc="1" el="461" ec="2" bec="0" bev="0" fileid="3" />
                <SequencePoint vc="0" uspid="462" ordinal="5" sl="462" sc="1" el="462" ec="2" bec="0" bev="0" fileid="3" />
                <SequencePoint vc="0" uspid="463" ordinal="6" sl="463" sc="1" el="463" ec="2" bec="0" bev="0" fileid="3" />
                <SequencePoint vc="0" uspid="466" ordinal="7" sl="466" sc="1" el="466" ec="2" bec="0" bev="0" fileid="3" />
                <SequencePoint vc="0" uspid="467" ordinal="8" sl="467" sc="1" el="467" ec="2" bec="0" bev="0" fileid="3" />
              </SequencePoints>
              <BranchPoints>
                <BranchPoint vc="0" uspid="458" ordinal="0" path="0" offset="12" offsetend="14" sl="458" fileid="3" />
                <BranchPoint vc="0" uspid="458" ordinal="1" path="1" offset="12" offsetend="48" sl="458" fileid="3" />
              </BranchPoints>
              <MethodPoint vc="0" uspid="0" p8:type="SequencePoint" ordinal="24" offset="24" sc="0" sl="457" ec="1" el="467" bec="0" bev="0" fileid="3" xmlns:p8="xsi" />
            </Method>
            <Method cyclomaticComplexity="1" nPathComplexity="1" sequenceCoverage="0" branchCoverage="100" isConstructor="False" isGetter="False" isSetter="False" isStatic="True">
              <Summary numSequencePoints="3" visitedSequencePoints="0" numBranchPoints="0" visitedBranchPoints="0" sequenceCoverage="0" branchCoverage="100" maxCyclomaticComplexity="1" minCyclomaticComplexity="1" visitedClasses="0" numClasses="0" visitedMethods="0" numMethods="1" />
              <MetadataToken />
              <Name>System.Threading.Tasks.Task BusinessLogic.LotteryService::GetScoreboard()</Name>
              <FileRef uid="3" />
              <SequencePoints>
                <SequencePoint vc="0" uspid="470" ordinal="0" sl="470" sc="1" el="470" ec="2" bec="0" bev="0" fileid="3" />
                <SequencePoint vc="0" uspid="471" ordinal="1" sl="471" sc="1" el="471" ec="2" bec="0" bev="0" fileid="3" />
                <SequencePoint vc="0" uspid="472" ordinal="2" sl="472" sc="1" el="472" ec="2" bec="0" bev="0" fileid="3" />
              </SequencePoints>
              <BranchPoints />
              <MethodPoint vc="0" uspid="0" p8:type="SequencePoint" ordinal="25" offset="25" sc="0" sl="470" ec="1" el="472" bec="0" bev="0" fileid="3" xmlns:p8="xsi" />
            </Method>
            <Method cyclomaticComplexity="1" nPathComplexity="1" sequenceCoverage="0" branchCoverage="100" isConstructor="False" isGetter="False" isSetter="False" isStatic="True">
              <Summary numSequencePoints="3" visitedSequencePoints="0" numBranchPoints="0" visitedBranchPoints="0" sequenceCoverage="0" branchCoverage="100" maxCyclomaticComplexity="1" minCyclomaticComplexity="1" visitedClasses="0" numClasses="0" visitedMethods="0" numMethods="1" />
              <MetadataToken />
              <Name>System.Threading.Tasks.Task`1&lt;System.Boolean&gt; BusinessLogic.LotteryService::SendVerificationCode(System.String)</Name>
              <FileRef uid="3" />
              <SequencePoints>
                <SequencePoint vc="0" uspid="489" ordinal="0" sl="489" sc="1" el="489" ec="2" bec="0" bev="0" fileid="3" />
                <SequencePoint vc="0" uspid="490" ordinal="1" sl="490" sc="1" el="490" ec="2" bec="0" bev="0" fileid="3" />
                <SequencePoint vc="0" uspid="491" ordinal="2" sl="491" sc="1" el="491" ec="2" bec="0" bev="0" fileid="3" />
              </SequencePoints>
              <BranchPoints />
              <MethodPoint vc="0" uspid="0" p8:type="SequencePoint" ordinal="26" offset="26" sc="0" sl="489" ec="1" el="491" bec="0" bev="0" fileid="3" xmlns:p8="xsi" />
            </Method>
            <Method cyclomaticComplexity="1" nPathComplexity="1" sequenceCoverage="0" branchCoverage="100" isConstructor="False" isGetter="False" isSetter="False" isStatic="True">
              <Summary numSequencePoints="3" visitedSequencePoints="0" numBranchPoints="0" visitedBranchPoints="0" sequenceCoverage="0" branchCoverage="100" maxCyclomaticComplexity="1" minCyclomaticComplexity="1" visitedClasses="0" numClasses="0" visitedMethods="0" numMethods="1" />
              <MetadataToken />
              <Name>System.Threading.Tasks.Task`1&lt;System.Boolean&gt; BusinessLogic.LotteryService::VerifyCode(System.String,System.String)</Name>
              <FileRef uid="3" />
              <SequencePoints>
                <SequencePoint vc="0" uspid="494" ordinal="0" sl="494" sc="1" el="494" ec="2" bec="0" bev="0" fileid="3" />
                <SequencePoint vc="0" uspid="495" ordinal="1" sl="495" sc="1" el="495" ec="2" bec="0" bev="0" fileid="3" />
                <SequencePoint vc="0" uspid="496" ordinal="2" sl="496" sc="1" el="496" ec="2" bec="0" bev="0" fileid="3" />
              </SequencePoints>
              <BranchPoints />
              <MethodPoint vc="0" uspid="0" p8:type="SequencePoint" ordinal="27" offset="27" sc="0" sl="494" ec="1" el="496" bec="0" bev="0" fileid="3" xmlns:p8="xsi" />
            </Method>
            <Method cyclomaticComplexity="1" nPathComplexity="1" sequenceCoverage="0" branchCoverage="100" isConstructor="True" isGetter="False" isSetter="False" isStatic="True">
              <Summary numSequencePoints="16" visitedSequencePoints="0" numBranchPoints="0" visitedBranchPoints="0" sequenceCoverage="0" branchCoverage="100" maxCyclomaticComplexity="1" minCyclomaticComplexity="1" visitedClasses="0" numClasses="0" visitedMethods="0" numMethods="1" />
              <MetadataToken />
              <Name>System.Void BusinessLogic.LotteryService::.cctor()</Name>
              <FileRef uid="3" />
              <SequencePoints>
                <SequencePoint vc="0" uspid="22" ordinal="0" sl="22" sc="1" el="22" ec="2" bec="0" bev="0" fileid="3" />
                <SequencePoint vc="0" uspid="24" ordinal="1" sl="24" sc="1" el="24" ec="2" bec="0" bev="0" fileid="3" />
                <SequencePoint vc="0" uspid="42" ordinal="2" sl="42" sc="1" el="42" ec="2" bec="0" bev="0" fileid="3" />
                <SequencePoint vc="0" uspid="43" ordinal="3" sl="43" sc="1" el="43" ec="2" bec="0" bev="0" fileid="3" />
                <SequencePoint vc="0" uspid="45" ordinal="4" sl="45" sc="1" el="45" ec="2" bec="0" bev="0" fileid="3" />
                <SequencePoint vc="0" uspid="46" ordinal="5" sl="46" sc="1" el="46" ec="2" bec="0" bev="0" fileid="3" />
                <SequencePoint vc="0" uspid="47" ordinal="6" sl="47" sc="1" el="47" ec="2" bec="0" bev="0" fileid="3" />
                <SequencePoint vc="0" uspid="48" ordinal="7" sl="48" sc="1" el="48" ec="2" bec="0" bev="0" fileid="3" />
                <SequencePoint vc="0" uspid="50" ordinal="8" sl="50" sc="1" el="50" ec="2" bec="0" bev="0" fileid="3" />
                <SequencePoint vc="0" uspid="51" ordinal="9" sl="51" sc="1" el="51" ec="2" bec="0" bev="0" fileid="3" />
                <SequencePoint vc="0" uspid="52" ordinal="10" sl="52" sc="1" el="52" ec="2" bec="0" bev="0" fileid="3" />
[...]
              <MethodPoint vc="0" uspid="0" p8:type="SequencePoint" ordinal="0" offset="0" sc="0" sl="60" ec="1" el="67" bec="0" bev="0" fileid="54" xmlns:p8="xsi" />
            </Method>
          </Methods>
        </Class>
        <Class>
          <Summary numSequencePoints="7" visitedSequencePoints="0" numBranchPoints="2" visitedBranchPoints="0" sequenceCoverage="0" branchCoverage="0" maxCyclomaticComplexity="2" minCyclomaticComplexity="2" visitedClasses="0" numClasses="1" visitedMethods="0" numMethods="1" />
          <FullName>DataAccess.DAOs.SocialMediaDao/&lt;ExistsTwitterUsernameExcludingUserAsync&gt;d__6</FullName>
          <Methods>
            <Method cyclomaticComplexity="2" nPathComplexity="2" sequenceCoverage="0" branchCoverage="0" isConstructor="False" isGetter="False" isSetter="False" isStatic="True">
              <Summary numSequencePoints="7" visitedSequencePoints="0" numBranchPoints="2" visitedBranchPoints="0" sequenceCoverage="0" branchCoverage="0" maxCyclomaticComplexity="2" minCyclomaticComplexity="2" visitedClasses="0" numClasses="0" visitedMethods="0" numMethods="1" />
              <MetadataToken />
              <Name>System.Void DataAccess.DAOs.SocialMediaDao/&lt;ExistsTwitterUsernameExcludingUserAsync&gt;d__6::MoveNext()</Name>
              <FileRef uid="54" />
              <SequencePoints>
                <SequencePoint vc="0" uspid="40" ordinal="0" sl="40" sc="1" el="40" ec="2" bec="0" bev="0" fileid="54" />
                <SequencePoint vc="0" uspid="41" ordinal="1" sl="41" sc="1" el="41" ec="2" bec="2" bev="0" fileid="54" />
                <SequencePoint vc="0" uspid="43" ordinal="2" sl="43" sc="1" el="43" ec="2" bec="0" bev="0" fileid="54" />
                <SequencePoint vc="0" uspid="44" ordinal="3" sl="44" sc="1" el="44" ec="2" bec="0" bev="0" fileid="54" />
                <SequencePoint vc="0" uspid="45" ordinal="4" sl="45" sc="1" el="45" ec="2" bec="0" bev="0" fileid="54" />
                <SequencePoint vc="0" uspid="46" ordinal="5" sl="46" sc="1" el="46" ec="2" bec="0" bev="0" fileid="54" />
                <SequencePoint vc="0" uspid="47" ordinal="6" sl="47" sc="1" el="47" ec="2" bec="0" bev="0" fileid="54" />
              </SequencePoints>
              <BranchPoints>
                <BranchPoint vc="0" uspid="41" ordinal="0" path="0" offset="81" offsetend="83" sl="41" fileid="54" />
                <BranchPoint vc="0" uspid="41" ordinal="1" path="1" offset="81" offsetend="90" sl="41" fileid="54" />
              </BranchPoints>
              <MethodPoint vc="0" uspid="0" p8:type="SequencePoint" ordinal="0" offset="0" sc="0" sl="40" ec="1" el="47" bec="0" bev="0" fileid="54" xmlns:p8="xsi" />
            </Method>
          </Methods>
        </Class>
        <Class>
          <Summary numSequencePoints="4" visitedSequencePoints="0" numBranchPoints="0" visitedBranchPoints="0" sequenceCoverage="0" branchCoverage="100" maxCyclomaticComplexity="1" minCyclomaticComplexity="1" visitedClasses="0" numClasses="1" visitedMethods="0" numMethods="1" />
          <FullName>DataAccess.DAOs.SocialMediaDao/&lt;GetSocialMediaByUserIdAsync&gt;d__2</FullName>
          <Methods>
            <Method cyclomaticComplexity="1" nPathComplexity="1" sequenceCoverage="0" branchCoverage="100" isConstructor="False" isGetter="False" isSetter="False" isStatic="True">
              <Summary numSequencePoints="4" visitedSequencePoints="0" numBranchPoints="0" visitedBranchPoints="0" sequenceCoverage="0" branchCoverage="100" maxCyclomaticComplexity="1" minCyclomaticComplexity="1" visitedClasses="0" numClasses="0" visitedMethods="0" numMethods="1" />
              <MetadataToken />
              <Name>System.Void DataAccess.DAOs.SocialMediaDao/&lt;GetSocialMediaByUserIdAsync&gt;d__2::MoveNext()</Name>
              <FileRef uid="54" />
              <SequencePoints>
                <SequencePoint vc="0" uspid="17" ordinal="0" sl="17" sc="1" el="17" ec="2" bec="0" bev="0" fileid="54" />
                <SequencePoint vc="0" uspid="18" ordinal="1" sl="18" sc="1" el="18" ec="2" bec="0" bev="0" fileid="54" />
                <SequencePoint vc="0" uspid="19" ordinal="2" sl="19" sc="1" el="19" ec="2" bec="0" bev="0" fileid="54" />
                <SequencePoint vc="0" uspid="20" ordinal="3" sl="20" sc="1" el="20" ec="2" bec="0" bev="0" fileid="54" />
              </SequencePoints>
              <BranchPoints />
              <MethodPoint vc="0" uspid="0" p8:type="SequencePoint" ordinal="0" offset="0" sc="0" sl="17" ec="1" el="20" bec="0" bev="0" fileid="54" xmlns:p8="xsi" />
            </Method>
          </Methods>
        </Class>
        <Class>
          <Summary numSequencePoints="3" visitedSequencePoints="0" numBranchPoints="0" visitedBranchPoints="0" sequenceCoverage="0" branchCoverage="100" maxCyclomaticComplexity="1" minCyclomaticComplexity="1" visitedClasses="0" numClasses="1" visitedMethods="0" numMethods="1" />
          <FullName>DataAccess.DAOs.SocialMediaDao/&lt;SaveChangesAsync&gt;d__5</FullName>
          <Methods>
            <Method cyclomaticComplexity="1" nPathComplexity="1" sequenceCoverage="0" branchCoverage="100" isConstructor="False" isGetter="False" isSetter="False" isStatic="True">
              <Summary numSequencePoints="3" visitedSequencePoints="0" numBranchPoints="0" visitedBranchPoints="0" sequenceCoverage="0" branchCoverage="100" maxCyclomaticComplexity="1" minCyclomaticComplexity="1" visitedClasses="0" numClasses="0" visitedMethods="0" numMethods="1" />
              <MetadataToken />
              <Name>System.Void DataAccess.DAOs.SocialMediaDao/&lt;SaveChangesAsync&gt;d__5::MoveNext()</Name>
              <FileRef uid="54" />
              <SequencePoints>
                <SequencePoint vc="0" uspid="35" ordinal="0" sl="35" sc="1" el="35" ec="2" bec="0" bev="0" fileid="54" />
                <SequencePoint vc="0" uspid="36" ordinal="1" sl="36" sc="1" el="36" ec="2" bec="0" bev="0" fileid="54" />
                <SequencePoint vc="0" uspid="37" ordinal="2" sl="37" sc="1" el="37" ec="2" bec="0" bev="0" fileid="54" />
              </SequencePoints>
              <BranchPoints />
              <MethodPoint vc="0" uspid="0" p8:type="SequencePoint" ordinal="0" offset="0" sc="0" sl="35" ec="1" el="37" bec="0" bev="0" fileid="54" xmlns:p8="xsi" />
            </Method>
          </Methods>
        </Class>
        <Class>
          <Summary numSequencePoints="4" visitedSequencePoints="0" numBranchPoints="0" visitedBranchPoints="0" sequenceCoverage="0" branchCoverage="100" maxCyclomaticComplexity="1" minCyclomaticComplexity="1" visitedClasses="0" numClasses="1" visitedMethods="0" numMethods="1" />
          <FullName>DataAccess.DAOs.SocialMediaDao/&lt;UpdateSocialMediaAsync&gt;d__4</FullName>
          <Methods>
            <Method cyclomaticComplexity="1" nPathComplexity="1" sequenceCoverage="0" branchCoverage="100" isConstructor="False" isGetter="False" isSetter="False" isStatic="True">
              <Summary numSequencePoints="4" visitedSequencePoints="0" numBranchPoints="0" visitedBranchPoints="0" sequenceCoverage="0" branchCoverage="100" maxCyclomaticComplexity="1" minCyclomaticComplexity="1" visitedClasses="0" numClasses="0" visitedMethods="0" numMethods="1" />
              <MetadataToken />
              <Name>System.Void DataAccess.DAOs.SocialMediaDao/&lt;UpdateSocialMediaAsync&gt;d__4::MoveNext()</Name>
              <FileRef uid="54" />
              <SequencePoints>
                <SequencePoint vc="0" uspid="29" ordinal="0" sl="29" sc="1" el="29" ec="2" bec="0" bev="0" fileid="54" />
                <SequencePoint vc="0" uspid="30" ordinal="1" sl="30" sc="1" el="30" ec="2" bec="0" bev="0" fileid="54" />
                <SequencePoint vc="0" uspid="31" ordinal="2" sl="31" sc="1" el="31" ec="2" bec="0" bev="0" fileid="54" />
                <SequencePoint vc="0" uspid="32" ordinal="3" sl="32" sc="1" el="32" ec="2" bec="0" bev="0" fileid="54" />
              </SequencePoints>
              <BranchPoints />
              <MethodPoint vc="0" uspid="0" p8:type="SequencePoint" ordinal="0" offset="0" sc="0" sl="29" ec="1" el="32" bec="0" bev="0" fileid="54" xmlns:p8="xsi" />
            </Method>
          </Methods>
        </Class>
        <Class>
          <Summary numSequencePoints="7" visitedSequencePoints="0" numBranchPoints="0" visitedBranchPoints="0" sequenceCoverage="0" branchCoverage="100" maxCyclomaticComplexity="1" minCyclomaticComplexity="1" visitedClasses="0" numClasses="1" visitedMethods="0" numMethods="2" />
          <FullName>DataAccess.DAOs.UserDao</FullName>
          <Methods>
            <Method cyclomaticComplexity="1" nPathComplexity="1" sequenceCoverage="0" branchCoverage="100" isConstructor="False" isGetter="False" isSetter="False" isStatic="True">
              <Summary numSequencePoints="3" visitedSequencePoints="0" numBranchPoints="0" visitedBranchPoints="0" sequenceCoverage="0" branchCoverage="100" maxCyclomaticComplexity="1" minCyclomaticComplexity="1" visitedClasses="0" numClasses="0" visitedMethods="0" numMethods="1" />
              <MetadataToken />
              <Name>System.Void DataAccess.DAOs.UserDao::AddUser(DataAccess.User)</Name>
              <FileRef uid="55" />
              <SequencePoints>
                <SequencePoint vc="0" uspid="32" ordinal="0" sl="32" sc="1" el="32" ec="2" bec="0" bev="0" fileid="55" />
                <SequencePoint vc="0" uspid="33" ordinal="1" sl="33" sc="1" el="33" ec="2" bec="0" bev="0" fileid="55" />
                <SequencePoint vc="0" uspid="34" ordinal="2" sl="34" sc="1" el="34" ec="2" bec="0" bev="0" fileid="55" />
              </SequencePoints>
              <BranchPoints />
              <MethodPoint vc="0" uspid="0" p8:type="SequencePoint" ordinal="0" offset="0" sc="0" sl="32" ec="1" el="34" bec="0" bev="0" fileid="55" xmlns:p8="xsi" />
            </Method>
            <Method cyclomaticComplexity="1" nPathComplexity="1" sequenceCoverage="0" branchCoverage="100" isConstructor="True" isGetter="False" isSetter="False" isStatic="True">
              <Summary numSequencePoints="4" visitedSequencePoints="0" numBranchPoints="0" visitedBranchPoints="0" sequenceCoverage="0" branchCoverage="100" maxCyclomaticComplexity="1" minCyclomaticComplexity="1" visitedClasses="0" numClasses="0" visitedMethods="0" numMethods="1" />
              <MetadataToken />
              <Name>System.Void DataAccess.DAOs.UserDao::.ctor()</Name>
              <FileRef uid="55" />
              <SequencePoints>
                <SequencePoint vc="0" uspid="16" ordinal="0" sl="16" sc="1" el="16" ec="2" bec="0" bev="0" fileid="55" />
                <SequencePoint vc="0" uspid="17" ordinal="1" sl="17" sc="1" el="17" ec="2" bec="0" bev="0" fileid="55" />
                <SequencePoint vc="0" uspid="18" ordinal="2" sl="18" sc="1" el="18" ec="2" bec="0" bev="0" fileid="55" />
                <SequencePoint vc="0" uspid="19" ordinal="3" sl="19" sc="1" el="19" ec="2" bec="0" bev="0" fileid="55" />
              </SequencePoints>
              <BranchPoints />
              <MethodPoint vc="0" uspid="0" p8:type="SequencePoint" ordinal="1" offset="1" sc="0" sl="16" ec="1" el="19" bec="0" bev="0" fileid="55" xmlns:p8="xsi" />
            </Method>
          </Methods>
        </Class>
        <Class>
          <Summary numSequencePoints="3" visitedSequencePoints="0" numBranchPoints="0" visitedBranchPoints="0" sequenceCoverage="0" branchCoverage="100" maxCyclomaticComplexity="1" minCyclomaticComplexity="1" visitedClasses="0" numClasses="1" visitedMethods="0" numMethods="1" />
          <FullName>DataAccess.DAOs.UserDao/&lt;EmailExistsAsync&gt;d__3</FullName>
          <Methods>
            <Method cyclomaticComplexity="1" nPathComplexity="1" sequenceCoverage="0" branchCoverage="100" isConstructor="False" isGetter="False" isSetter="False" isStatic="True">
              <Summary numSequencePoints="3" visitedSequencePoints="0" numBranchPoints="0" visitedBranchPoints="0" sequenceCoverage="0" branchCoverage="100" maxCyclomaticComplexity="1" minCyclomaticComplexity="1" visitedClasses="0" numClasses="0" visitedMethods="0" numMethods="1" />
              <MetadataToken />
              <Name>System.Void DataAccess.DAOs.UserDao/&lt;EmailExistsAsync&gt;d__3::MoveNext()</Name>
              <FileRef uid="55" />
              <SequencePoints>
                <SequencePoint vc="0" uspid="27" ordinal="0" sl="27" sc="1" el="27" ec="2" bec="0" bev="0" fileid="55" />
                <SequencePoint vc="0" uspid="28" ordinal="1" sl="28" sc="1" el="28" ec="2" bec="0" bev="0" fileid="55" />
                <SequencePoint vc="0" uspid="29" ordinal="2" sl="29" sc="1" el="29" ec="2" bec="0" bev="0" fileid="55" />
              </SequencePoints>
              <BranchPoints />
              <MethodPoint vc="0" uspid="0" p8:type="SequencePoint" ordinal="0" offset="0" sc="0" sl="27" ec="1" el="29" bec="0" bev="0" fileid="55" xmlns:p8="xsi" />
            </Method>
          </Methods>
        </Class>
        <Class>
          <Summary numSequencePoints="3" visitedSequencePoints="0" numBranchPoints="0" visitedBranchPoints="0" sequenceCoverage="0" branchCoverage="100" maxCyclomaticComplexity="1" minCyclomaticComplexity="1" visitedClasses="0" numClasses="1" visitedMethods="0" numMethods="1" />
          <FullName>DataAccess.DAOs.UserDao/&lt;GetUserByIdAsync&gt;d__7</FullName>
          <Methods>
            <Method cyclomaticComplexity="1" nPathComplexity="1" sequenceCoverage="0" branchCoverage="100" isConstructor="False" isGetter="False" isSetter="False" isStatic="True">
              <Summary numSequencePoints="3" visitedSequencePoints="0" numBranchPoints="0" visitedBranchPoints="0" sequenceCoverage="0" branchCoverage="100" maxCyclomaticComplexity="1" minCyclomaticComplexity="1" visitedClasses="0" numClasses="0" visitedMethods="0" numMethods="1" />
              <MetadataToken />
              <Name>System.Void DataAccess.DAOs.UserDao/&lt;GetUserByIdAsync&gt;d__7::MoveNext()</Name>
              <FileRef uid="55" />
              <SequencePoints>
                <SequencePoint vc="0" uspid="47" ordinal="0" sl="47" sc="1" el="47" ec="2" bec="0" bev="0" fileid="55" />
                <SequencePoint vc="0" uspid="48" ordinal="1" sl="48" sc="1" el="48" ec="2" bec="0" bev="0" fileid="55" />
                <SequencePoint vc="0" uspid="49" ordinal="2" sl="49" sc="1" el="49" ec="2" bec="0" bev="0" fileid="55" />
              </SequencePoints>
              <BranchPoints />
              <MethodPoint vc="0" uspid="0" p8:type="SequencePoint" ordinal="0" offset="0" sc="0" sl="47" ec="1" el="49" bec="0" bev="0" fileid="55" xmlns:p8="xsi" />
            </Method>
          </Methods>
        </Class>
        <Class>
          <Summary numSequencePoints="3" visitedSequencePoints="0" numBranchPoints="0" visitedBranchPoints="0" sequenceCoverage="0" branchCoverage="100" maxCyclomaticComplexity="1" minCyclomaticComplexity="1" visitedClasses="0" numClasses="1" visitedMethods="0" numMethods="1" />
          <FullName>DataAccess.DAOs.UserDao/&lt;GetUserByNicknameAsync&gt;d__6</FullName>
          <Methods>
            <Method cyclomaticComplexity="1" nPathComplexity="1" sequenceCoverage="0" branchCoverage="100" isConstructor="False" isGetter="False" isSetter="False" isStatic="True">
              <Summary numSequencePoints="3" visitedSequencePoints="0" numBranchPoints="0" visitedBranchPoints="0" sequenceCoverage="0" branchCoverage="100" maxCyclomaticComplexity="1" minCyclomaticComplexity="1" visitedClasses="0" numClasses="0" visitedMethods="0" numMethods="1" />
              <MetadataToken />
              <Name>System.Void DataAccess.DAOs.UserDao/&lt;GetUserByNicknameAsync&gt;d__6::MoveNext()</Name>
              <FileRef uid="55" />
              <SequencePoints>
                <SequencePoint vc="0" uspid="42" ordinal="0" sl="42" sc="1" el="42" ec="2" bec="0" bev="0" fileid="55" />
                <SequencePoint vc="0" uspid="43" ordinal="1" sl="43" sc="1" el="43" ec="2" bec="0" bev="0" fileid="55" />
                <SequencePoint vc="0" uspid="44" ordinal="2" sl="44" sc="1" el="44" ec="2" bec="0" bev="0" fileid="55" />
              </SequencePoints>
              <BranchPoints />
              <MethodPoint vc="0" uspid="0" p8:type="SequencePoint" ordinal="0" offset="0" sc="0" sl="42" ec="1" el="44" bec="0" bev="0" fileid="55" xmlns:p8="xsi" />
            </Method>
          </Methods>
        </Class>
        <Class>
          <Summary numSequencePoints="3" visitedSequencePoints="0" numBranchPoints="0" visitedBranchPoints="0" sequenceCoverage="0" branchCoverage="100" maxCyclomaticComplexity="1" minCyclomaticComplexity="1" visitedClasses="0" numClasses="1" visitedMethods="0" numMethods="1" />
          <FullName>DataAccess.DAOs.UserDao/&lt;NicknameExistsAsync&gt;d__2</FullName>
          <Methods>
            <Method cyclomaticComplexity="1" nPathComplexity="1" sequenceCoverage="0" branchCoverage="100" isConstructor="False" isGetter="False" isSetter="False" isStatic="True">
              <Summary numSequencePoints="3" visitedSequencePoints="0" numBranchPoints="0" visitedBranchPoints="0" sequenceCoverage="0" branchCoverage="100" maxCyclomaticComplexity="1" minCyclomaticComplexity="1" visitedClasses="0" numClasses="0" visitedMethods="0" numMethods="1" />
              <MetadataToken />
              <Name>System.Void DataAccess.DAOs.UserDao/&lt;NicknameExistsAsync&gt;d__2::MoveNext()</Name>
              <FileRef uid="55" />
              <SequencePoints>
                <SequencePoint vc="0" uspid="22" ordinal="0" sl="22" sc="1" el="22" ec="2" bec="0" bev="0" fileid="55" />
                <SequencePoint vc="0" uspid="23" ordinal="1" sl="23" sc="1" el="23" ec="2" bec="0" bev="0" fileid="55" />
                <SequencePoint vc="0" uspid="24" ordinal="2" sl="24" sc="1" el="24" ec="2" bec="0" bev="0" fileid="55" />
              </SequencePoints>
              <BranchPoints />
              <MethodPoint vc="0" uspid="0" p8:type="SequencePoint" ordinal="0" offset="0" sc="0" sl="22" ec="1" el="24" bec="0" bev="0" fileid="55" xmlns:p8="xsi" />
            </Method>
          </Methods>
        </Class>
        <Class>
          <Summary numSequencePoints="3" visitedSequencePoints="0" numBranchPoints="0" visitedBranchPoints="0" sequenceCoverage="0" branchCoverage="100" maxCyclomaticComplexity="1" minCyclomaticComplexity="1" visitedClasses="0" numClasses="1" visitedMethods="0" numMethods="1" />
          <FullName>DataAccess.DAOs.UserDao/&lt;SaveChangesAsync&gt;d__5</FullName>
          <Methods>
            <Method cyclomaticComplexity="1" nPathComplexity="1" sequenceCoverage="0" branchCoverage="100" isConstructor="False" isGetter="False" isSetter="False" isStatic="True">
              <Summary numSequencePoints="3" visitedSequencePoints="0" numBranchPoints="0" visitedBranchPoints="0" sequenceCoverage="0" branchCoverage="100" maxCyclomaticComplexity="1" minCyclomaticComplexity="1" visitedClasses="0" numClasses="0" visitedMethods="0" numMethods="1" />
              <MetadataToken />
              <Name>System.Void DataAccess.DAOs.UserDao/&lt;SaveChangesAsync&gt;d__5::MoveNext()</Name>
              <FileRef uid="55" />
              <SequencePoints>
                <SequencePoint vc="0" uspid="37" ordinal="0" sl="37" sc="1" el="37" ec="2" bec="0" bev="0" fileid="55" />
                <SequencePoint vc="0" uspid="38" ordinal="1" sl="38" sc="1" el="38" ec="2" bec="0" bev="0" fileid="55" />
                <SequencePoint vc="0" uspid="39" ordinal="2" sl="39" sc="1" el="39" ec="2" bec="0" bev="0" fileid="55" />
              </SequencePoints>
              <BranchPoints />
              <MethodPoint vc="0" uspid="0" p8:type="SequencePoint" ordinal="0" offset="0" sc="0" sl="37" ec="1" el="39" bec="0" bev="0" fileid="55" xmlns:p8="xsi" />
            </Method>
          </Methods>
        </Class>
      </Classes>
    </Module>
  </Modules>
</CoverageSession>